#ion=18
# debug series 2 (c) 1999 cameron abrams & regents of uc berkeley
# Data sizes:
#  atoms:	104	x	2000			= 208000
# nNodes:	24	x	2000	x	20	= 960000
# cNodes:	24	x	100			= 2400
# total: 1170400
#introducing ion
#new atom 506
#new atom 507
#new atom 508
#new atom 509
#Notice: clust requires a setforce().
# cluster 0: Si_506  -0.41404
# cluster 1: F_3 C_1  15.26059
# warning: pe of current cfg already set
#t	time	KE	PE		E		Edrift		%Edrift		T	sig_xx		sig_yy		sig_zz
#[#]	[ps]	[eV]	[eV]		[eV]		[eV]		[%]		[K]	[Pa]		[Pa]		[Pa]
0	0.0000	115.466	-2016.476	-1901.010	0.000e+00	0.000e+00	293.00	3.51447e+07	9.51055e+07	1.96015e+08
1	0.0010	115.606	-2016.580	-1900.973	3.722e-02	1.958e-03	293.57	3.78079e+07	9.89211e+07	1.99218e+08
2	0.0020	115.859	-2016.797	-1900.939	7.182e-02	3.778e-03	294.06	4.30479e+07	1.05294e+08	2.03171e+08
3	0.0030	116.234	-2017.140	-1900.906	1.043e-01	5.486e-03	294.48	5.12586e+07	1.14559e+08	2.07924e+08
4	0.0040	116.750	-2017.626	-1900.875	1.351e-01	7.105e-03	294.84	6.28581e+07	1.27085e+08	2.13538e+08
5	0.0050	117.435	-2018.281	-1900.846	1.644e-01	8.650e-03	295.14	7.80162e+07	1.42985e+08	2.20027e+08
6	0.0060	118.321	-2019.139	-1900.818	1.923e-01	1.012e-02	295.37	9.61158e+07	1.61547e+08	2.27207e+08
7	0.0070	119.444	-2020.237	-1900.793	2.177e-01	1.145e-02	295.55	1.14717e+08	1.80132e+08	2.34423e+08
8	0.0080	120.821	-2021.593	-1900.773	2.376e-01	1.250e-02	295.67	1.27800e+08	1.92313e+08	2.40088e+08
9	0.0090	122.404	-2023.167	-1900.763	2.473e-01	1.301e-02	295.73	1.23891e+08	1.85891e+08	2.41194e+08
10	0.0100	124.024	-2024.789	-1900.765	2.450e-01	1.289e-02	295.72	8.81533e+07	1.45115e+08	2.33858e+08
11	0.0110	125.385	-2026.151	-1900.766	2.446e-01	1.287e-02	295.66	1.63840e+07	6.55532e+07	2.16989e+08
12	0.0120	126.224	-2026.965	-1900.741	2.696e-01	1.418e-02	295.53	-6.70456e+07	-2.68518e+07	1.96992e+08
13	0.0130	126.532	-2027.226	-1900.694	3.165e-01	1.665e-02	295.35	-1.24813e+08	-9.23781e+07	1.83669e+08
14	0.0140	126.527	-2027.177	-1900.650	3.603e-01	1.895e-02	295.11	-1.45788e+08	-1.19112e+08	1.79950e+08
15	0.0150	126.414	-2027.034	-1900.620	3.899e-01	2.051e-02	294.83	-1.48059e+08	-1.26176e+08	1.81086e+08
16	0.0160	126.156	-2026.821	-1900.665	3.451e-01	1.815e-02	294.49	-1.47108e+08	-1.30614e+08	2.17917e+08
17	0.0170	125.155	-2025.754	-1900.599	4.109e-01	2.161e-02	294.20	-1.38534e+08	-1.29338e+08	4.03376e+08
18	0.0180	123.919	-2024.356	-1900.437	5.736e-01	3.017e-02	294.14	-1.38963e+08	-1.24168e+08	3.04796e+08
19	0.0190	123.417	-2023.894	-1900.476	5.341e-01	2.809e-02	293.88	-1.40219e+08	-1.18855e+08	2.00293e+08
20	0.0200	123.341	-2023.815	-1900.474	5.368e-01	2.824e-02	293.40	-1.38874e+08	-1.16472e+08	1.92058e+08
21	0.0210	123.313	-2023.748	-1900.435	5.758e-01	3.029e-02	292.92	-1.38047e+08	-1.16689e+08	1.97225e+08
22	0.0220	123.289	-2023.687	-1900.398	6.119e-01	3.219e-02	292.47	-1.37641e+08	-1.17287e+08	1.99759e+08
23	0.0230	123.269	-2023.629	-1900.360	6.507e-01	3.423e-02	292.06	-1.37160e+08	-1.17674e+08	2.04293e+08
24	0.0240	123.285	-2023.584	-1900.299	7.117e-01	3.744e-02	291.66	-1.36203e+08	-1.20402e+08	1.92232e+08
25	0.0250	123.566	-2023.790	-1900.224	7.863e-01	4.136e-02	291.17	-1.35743e+08	-1.36715e+08	1.01298e+08
26	0.0260	124.141	-2024.411	-1900.271	7.397e-01	3.891e-02	290.68	-1.36664e+08	-1.45846e+08	7.53711e+07
27	0.0270	124.410	-2024.642	-1900.232	7.783e-01	4.094e-02	290.45	-1.34173e+08	-1.25732e+08	2.06693e+08
28	0.0280	124.094	-2024.243	-1900.149	8.611e-01	4.530e-02	290.42	-1.28636e+08	-1.11522e+08	2.75030e+08
29	0.0290	123.471	-2023.561	-1900.090	9.203e-01	4.841e-02	290.65	-1.20178e+08	-9.39601e+07	3.13096e+08
30	0.0300	122.695	-2022.732	-1900.036	9.740e-01	5.123e-02	291.39	-1.07913e+08	-6.62095e+07	3.51335e+08
31	0.0310	121.844	-2021.834	-1899.990	1.020e+00	5.367e-02	293.06	-9.46693e+07	-4.04633e+07	3.87007e+08
32	0.0320	120.986	-2020.931	-1899.945	1.065e+00	5.604e-02	296.24	-8.33242e+07	-2.26980e+07	4.15421e+08
33	0.0330	120.231	-2020.152	-1899.921	1.090e+00	5.731e-02	301.59	-7.53299e+07	-1.01397e+07	4.34256e+08
34	0.0340	119.644	-2019.580	-1899.935	1.075e+00	5.655e-02	309.62	-7.78358e+07	-2.63238e+07	4.35289e+08
35	0.0350	119.255	-2019.221	-1899.966	1.044e+00	5.492e-02	320.32	-8.70427e+07	-4.94834e+07	4.22294e+08
36	0.0360	119.199	-2019.264	-1900.065	9.457e-01	4.975e-02	332.96	-9.63341e+07	-4.97957e+07	4.03071e+08
37	0.0370	119.544	-2019.794	-1900.250	7.608e-01	4.002e-02	346.11	-1.10109e+08	-5.10152e+07	3.76289e+08
38	0.0380	120.158	-2020.665	-1900.507	5.033e-01	2.647e-02	358.06	-1.28562e+08	-5.93762e+07	3.45365e+08
39	0.0390	120.845	-2021.671	-1900.826	1.843e-01	9.692e-03	367.32	-1.49800e+08	-7.33906e+07	3.14700e+08
40	0.0400	121.437	-2022.627	-1901.190	-1.793e-01	9.430e-03	373.01	-1.71758e+08	-9.07963e+07	2.87439e+08
41	0.0410	121.825	-2023.404	-1901.578	-5.679e-01	2.987e-02	374.93	-1.92608e+08	-1.09194e+08	2.65214e+08
42	0.0420	121.970	-2023.944	-1901.973	-9.628e-01	5.064e-02	373.50	-2.10989e+08	-1.26534e+08	2.48390e+08
43	0.0430	121.884	-2024.242	-1902.358	-1.348e+00	7.089e-02	369.43	-2.26039e+08	-1.41356e+08	2.36514e+08
44	0.0440	121.598	-2024.325	-1902.728	-1.717e+00	9.034e-02	363.54	-2.36587e+08	-1.51246e+08	2.31601e+08
45	0.0450	121.032	-2024.119	-1903.087	-2.077e+00	1.093e-01	356.66	-2.33853e+08	-1.40031e+08	2.62527e+08
46	0.0460	120.076	-2023.435	-1903.359	-2.348e+00	1.235e-01	349.64	-2.19794e+08	-1.17171e+08	3.10321e+08
47	0.0470	118.987	-2022.564	-1903.577	-2.567e+00	1.350e-01	343.15	-2.16423e+08	-1.17438e+08	3.01917e+08
48	0.0480	118.144	-2021.948	-1903.804	-2.794e+00	1.470e-01	337.33	-2.20339e+08	-1.26826e+08	2.63951e+08
49	0.0490	117.611	-2021.625	-1904.014	-3.004e+00	1.580e-01	332.07	-2.18399e+08	-1.27642e+08	2.39290e+08
50	0.0500	117.288	-2021.471	-1904.183	-3.173e+00	1.669e-01	327.31	-2.12520e+08	-1.20161e+08	2.24561e+08
51	0.0510	117.170	-2021.481	-1904.311	-3.301e+00	1.737e-01	322.91	-2.22643e+08	-1.11561e+08	1.87479e+08
52	0.0520	117.409	-2021.823	-1904.415	-3.404e+00	1.791e-01	319.30	-2.26808e+08	-8.64753e+07	1.49492e+08
53	0.0530	118.145	-2022.675	-1904.531	-3.520e+00	1.852e-01	317.86	-1.83082e+08	-2.79038e+07	1.59113e+08
54	0.0540	118.998	-2023.735	-1904.737	-3.727e+00	1.960e-01	317.49	-1.56250e+08	-3.00054e+07	1.86297e+08
55	0.0550	119.378	-2024.142	-1904.764	-3.754e+00	1.975e-01	315.28	-1.61436e+08	-7.50078e+07	1.98942e+08
56	0.0560	119.413	-2024.244	-1904.831	-3.821e+00	2.010e-01	311.88	-1.47842e+08	-6.86663e+07	2.04750e+08
57	0.0570	119.434	-2024.327	-1904.893	-3.883e+00	2.043e-01	308.91	-1.38054e+08	-6.16490e+07	2.05854e+08
58	0.0580	119.457	-2024.404	-1904.947	-3.936e+00	2.071e-01	306.42	-1.28911e+08	-5.46893e+07	2.09092e+08
59	0.0590	119.051	-2024.145	-1905.094	-4.084e+00	2.148e-01	304.52	-1.15251e+08	-4.04248e+07	3.56802e+08
60	0.0600	118.124	-2023.064	-1904.941	-3.930e+00	2.067e-01	303.41	-8.49409e+07	-1.53879e+07	3.87574e+08
61	0.0610	117.185	-2022.252	-1905.067	-4.056e+00	2.134e-01	302.79	-2.43669e+07	2.75918e+07	3.17274e+08
62	0.0620	116.158	-2021.170	-1905.012	-4.002e+00	2.105e-01	302.45	3.75947e+07	6.88023e+07	3.33554e+08
63	0.0630	115.237	-2020.233	-1904.997	-3.986e+00	2.097e-01	302.85	5.71696e+07	7.74026e+07	2.86245e+08
64	0.0640	114.797	-2019.834	-1905.037	-4.026e+00	2.118e-01	303.93	7.05186e+07	7.99119e+07	2.49558e+08
65	0.0650	114.662	-2019.736	-1905.074	-4.064e+00	2.138e-01	305.63	8.46664e+07	8.21007e+07	2.40400e+08
66	0.0660	114.633	-2019.741	-1905.108	-4.098e+00	2.156e-01	307.94	9.68075e+07	8.07019e+07	2.44646e+08
67	0.0670	114.621	-2019.776	-1905.155	-4.145e+00	2.180e-01	310.79	1.03490e+08	7.21599e+07	2.54064e+08
68	0.0680	114.560	-2019.780	-1905.220	-4.209e+00	2.214e-01	313.99	1.02959e+08	5.43939e+07	2.70208e+08
69	0.0690	114.357	-2019.659	-1905.303	-4.292e+00	2.258e-01	317.36	9.63876e+07	2.91937e+07	2.95480e+08
70	0.0700	113.905	-2019.307	-1905.402	-4.392e+00	2.310e-01	320.88	8.96788e+07	4.59735e+06	3.32444e+08
71	0.0710	113.116	-2018.634	-1905.518	-4.507e+00	2.371e-01	324.83	9.03409e+07	-9.84923e+06	3.83480e+08
72	0.0720	111.933	-2017.586	-1905.652	-4.642e+00	2.442e-01	329.81	1.01979e+08	-1.04421e+07	4.50445e+08
73	0.0730	110.334	-2016.144	-1905.811	-4.800e+00	2.525e-01	336.62	1.21865e+08	-1.19791e+06	5.34070e+08
74	0.0740	108.344	-2014.344	-1906.001	-4.990e+00	2.625e-01	346.29	1.43228e+08	1.10033e+07	6.33018e+08
75	0.0750	106.055	-2012.292	-1906.237	-5.227e+00	2.749e-01	360.18	1.59237e+08	2.07360e+07	7.43215e+08
76	0.0760	103.631	-2010.173	-1906.542	-5.531e+00	2.910e-01	379.97	1.64606e+08	2.29883e+07	8.57788e+08
77	0.0770	101.274	-2008.230	-1906.956	-5.945e+00	3.127e-01	407.32	1.49366e+08	8.67143e+06	9.66074e+08
78	0.0780	99.175	-2006.676	-1907.500	-6.490e+00	3.414e-01	443.16	1.14094e+08	-2.32280e+07	1.05481e+09
79	0.0790	97.620	-2005.836	-1908.215	-7.205e+00	3.790e-01	486.88	9.19957e+07	-4.10057e+07	1.11690e+09
80	0.0800	97.010	-2006.183	-1909.173	-8.163e+00	4.294e-01	535.75	8.03438e+07	-4.11063e+07	1.10405e+09
81	0.0810	97.538	-2007.981	-1910.443	-9.433e+00	4.962e-01	585.25	6.24901e+07	-3.94369e+07	1.02104e+09
82	0.0820	98.862	-2010.867	-1912.005	-1.099e+01	5.783e-01	630.25	5.34563e+07	-3.61097e+07	9.74527e+08
83	0.0830	100.393	-2014.158	-1913.765	-1.275e+01	6.709e-01	666.34	6.01679e+07	-3.37905e+07	9.35062e+08
84	0.0840	101.776	-2017.486	-1915.710	-1.470e+01	7.732e-01	690.64	7.73681e+07	-3.75389e+07	8.55595e+08
85	0.0850	102.835	-2020.624	-1917.789	-1.678e+01	8.826e-01	702.16	9.84448e+07	-5.94763e+07	7.53329e+08
86	0.0860	103.401	-2023.329	-1919.928	-1.892e+01	9.951e-01	701.49	1.06284e+08	-9.86977e+07	6.51672e+08
87	0.0870	103.440	-2025.453	-1922.014	-2.100e+01	1.105e+00	690.13	6.54311e+07	-1.29655e+08	5.49932e+08
88	0.0880	103.151	-2027.229	-1924.078	-2.307e+01	1.213e+00	669.73	-3.52699e+07	-1.42004e+08	4.44084e+08
89	0.0890	102.525	-2028.591	-1926.066	-2.506e+01	1.318e+00	642.60	-1.13621e+08	-7.87944e+07	3.78766e+08
90	0.0900	101.400	-2029.249	-1927.849	-2.684e+01	1.412e+00	611.90	-1.32740e+08	-3.33002e+07	3.37185e+08
91	0.0910	99.930	-2029.406	-1929.477	-2.847e+01	1.497e+00	580.01	-1.43404e+08	-2.90817e+07	2.94750e+08
92	0.0920	98.289	-2029.251	-1930.962	-2.995e+01	1.576e+00	548.03	-1.61352e+08	-1.67562e+07	2.59076e+08
93	0.0930	96.435	-2028.715	-1932.280	-3.127e+01	1.645e+00	516.48	-1.81923e+08	3.46321e+07	2.32565e+08
94	0.0940	94.301	-2027.717	-1933.416	-3.241e+01	1.705e+00	485.99	-1.99956e+08	1.13799e+08	2.12783e+08
95	0.0950	91.981	-2026.357	-1934.376	-3.337e+01	1.755e+00	457.66	-2.08873e+08	1.84192e+08	1.98154e+08
96	0.0960	89.683	-2024.883	-1935.199	-3.419e+01	1.798e+00	432.83	-1.92218e+08	2.33345e+08	1.92947e+08
97	0.0970	87.507	-2023.412	-1935.905	-3.489e+01	1.836e+00	412.37	-1.20769e+08	2.59924e+08	2.06895e+08
98	0.0980	85.429	-2021.922	-1936.493	-3.548e+01	1.867e+00	396.31	-2.53007e+07	2.54655e+08	2.28833e+08
99	0.0990	83.431	-2020.438	-1937.007	-3.600e+01	1.894e+00	383.66	3.50831e+07	2.22426e+08	2.23526e+08
100	0.1000	81.441	-2018.900	-1937.459	-3.645e+01	1.917e+00	372.19	4.71330e+07	1.78557e+08	1.62092e+08
101	0.1010	79.371	-2017.206	-1937.834	-3.682e+01	1.937e+00	360.16	3.41584e+07	1.39246e+08	7.84588e+07
102	0.1020	77.283	-2015.419	-1938.136	-3.713e+01	1.953e+00	348.01	1.54418e+07	1.13201e+08	2.58493e+07
103	0.1030	75.336	-2013.713	-1938.377	-3.737e+01	1.966e+00	337.58	-3.06486e+06	9.98485e+07	2.69431e+07
104	0.1040	73.643	-2012.215	-1938.572	-3.756e+01	1.976e+00	330.40	-1.96747e+07	9.78256e+07	6.87247e+07
105	0.1050	72.217	-2010.953	-1938.735	-3.773e+01	1.984e+00	326.92	-3.35107e+07	1.05427e+08	1.24197e+08
106	0.1060	71.001	-2009.884	-1938.883	-3.787e+01	1.992e+00	326.82	-4.44478e+07	1.20468e+08	1.71609e+08
107	0.1070	69.912	-2008.941	-1939.029	-3.802e+01	2.000e+00	329.42	-5.29817e+07	1.40375e+08	2.02915e+08
108	0.1080	68.891	-2008.075	-1939.185	-3.817e+01	2.008e+00	334.13	-5.95155e+07	1.62379e+08	2.22993e+08
109	0.1090	67.918	-2007.281	-1939.363	-3.835e+01	2.018e+00	340.59	-6.46193e+07	1.83926e+08	2.39273e+08
110	0.1100	67.000	-2006.576	-1939.576	-3.857e+01	2.029e+00	348.60	-6.88621e+07	2.03901e+08	2.52391e+08
111	0.1110	66.157	-2005.987	-1939.830	-3.882e+01	2.042e+00	357.93	-7.26653e+07	2.21656e+08	2.62475e+08
112	0.1120	65.414	-2005.547	-1940.133	-3.912e+01	2.058e+00	368.38	-7.63657e+07	2.36615e+08	2.69915e+08
113	0.1130	64.802	-2005.293	-1940.491	-3.948e+01	2.077e+00	379.67	-7.99388e+07	2.48805e+08	2.75391e+08
114	0.1140	64.359	-2005.266	-1940.907	-3.990e+01	2.099e+00	391.41	-8.50345e+07	2.59016e+08	2.79797e+08
115	0.1150	64.131	-2005.514	-1941.384	-4.037e+01	2.124e+00	403.10	-9.33765e+07	2.68968e+08	2.84411e+08
116	0.1160	64.165	-2006.094	-1941.929	-4.092e+01	2.152e+00	414.15	-1.06364e+08	2.78785e+08	2.89863e+08
117	0.1170	64.392	-2006.952	-1942.561	-4.155e+01	2.186e+00	424.06	-1.37067e+08	2.73989e+08	2.89720e+08
118	0.1180	64.596	-2007.811	-1943.216	-4.221e+01	2.220e+00	432.59	-1.76714e+08	2.50810e+08	2.81867e+08
119	0.1190	64.723	-2008.625	-1943.902	-4.289e+01	2.256e+00	439.59	-1.90554e+08	2.36275e+08	2.79462e+08
120	0.1200	64.860	-2009.501	-1944.641	-4.363e+01	2.295e+00	444.89	-1.96132e+08	2.24488e+08	2.79507e+08
121	0.1210	65.006	-2010.414	-1945.408	-4.440e+01	2.335e+00	448.30	-2.02178e+08	2.10849e+08	2.79391e+08
122	0.1220	65.128	-2011.321	-1946.193	-4.518e+01	2.377e+00	449.75	-2.09041e+08	1.95862e+08	2.79131e+08
123	0.1230	65.202	-2012.186	-1946.984	-4.597e+01	2.418e+00	449.26	-2.16739e+08	1.80028e+08	2.78747e+08
124	0.1240	65.213	-2012.985	-1947.773	-4.676e+01	2.460e+00	446.96	-2.25008e+08	1.63799e+08	2.78207e+08
125	0.1250	65.154	-2013.702	-1948.548	-4.754e+01	2.501e+00	443.04	-2.33414e+08	1.47737e+08	2.77111e+08
126	0.1260	64.989	-2014.309	-1949.320	-4.831e+01	2.541e+00	437.89	-2.34263e+08	1.39917e+08	2.87004e+08
127	0.1270	64.594	-2014.641	-1950.047	-4.904e+01	2.580e+00	432.10	-2.08366e+08	1.50176e+08	3.21625e+08
128	0.1280	64.029	-2014.736	-1950.707	-4.970e+01	2.614e+00	426.27	-1.77851e+08	1.55289e+08	3.17918e+08
129	0.1290	63.566	-2014.935	-1951.369	-5.036e+01	2.649e+00	420.67	-1.57893e+08	1.55791e+08	2.84338e+08
130	0.1300	63.303	-2015.316	-1952.013	-5.100e+01	2.683e+00	415.55	-1.41830e+08	1.62382e+08	2.56819e+08
131	0.1310	63.170	-2015.800	-1952.630	-5.162e+01	2.715e+00	411.10	-1.29611e+08	1.68081e+08	2.36879e+08
132	0.1320	63.081	-2016.302	-1953.222	-5.221e+01	2.747e+00	406.92	-1.25727e+08	1.56517e+08	2.15101e+08
133	0.1330	62.959	-2016.750	-1953.791	-5.278e+01	2.776e+00	401.94	-1.31707e+08	1.16255e+08	1.85334e+08
134	0.1340	62.761	-2017.089	-1954.328	-5.332e+01	2.805e+00	395.10	-1.41926e+08	5.76939e+07	1.49520e+08
135	0.1350	62.510	-2017.333	-1954.823	-5.381e+01	2.831e+00	386.62	-1.47232e+08	9.03080e+06	1.13286e+08
136	0.1360	62.290	-2017.564	-1955.274	-5.426e+01	2.854e+00	377.85	-1.43569e+08	-1.64272e+07	7.96402e+07
137	0.1370	62.171	-2017.855	-1955.684	-5.467e+01	2.876e+00	370.01	-1.33855e+08	-2.90040e+07	4.89040e+07
138	0.1380	62.180	-2018.234	-1956.053	-5.504e+01	2.895e+00	363.55	-1.20050e+08	-3.67476e+07	2.34981e+07
139	0.1390	62.303	-2018.697	-1956.394	-5.538e+01	2.913e+00	358.57	-9.97288e+07	-3.78450e+07	1.10190e+07
140	0.1400	62.471	-2019.185	-1956.714	-5.570e+01	2.930e+00	355.04	-6.96430e+07	-3.05089e+07	2.32111e+07
141	0.1410	62.569	-2019.581	-1957.011	-5.600e+01	2.946e+00	352.84	-3.57554e+07	-1.54977e+07	6.01484e+07
142	0.1420	62.520	-2019.807	-1957.287	-5.628e+01	2.960e+00	351.79	-1.09639e+07	2.87259e+06	1.04908e+08
143	0.1430	62.337	-2019.892	-1957.554	-5.654e+01	2.974e+00	351.67	2.22387e+06	1.89394e+07	1.45392e+08
144	0.1440	62.074	-2019.898	-1957.823	-5.681e+01	2.989e+00	352.28	1.01121e+07	2.95426e+07	1.82332e+08
145	0.1450	61.765	-2019.865	-1958.099	-5.709e+01	3.003e+00	353.40	1.62143e+07	3.62256e+07	2.19396e+08
146	0.1460	61.393	-2019.781	-1958.388	-5.738e+01	3.018e+00	354.71	1.52838e+07	3.69581e+07	2.55763e+08
147	0.1470	60.896	-2019.576	-1958.680	-5.767e+01	3.034e+00	355.67	1.99984e+05	2.61640e+07	2.83711e+08
148	0.1480	60.261	-2019.227	-1958.967	-5.796e+01	3.049e+00	356.11	-2.19050e+07	1.15743e+07	2.98019e+08
149	0.1490	59.574	-2018.825	-1959.251	-5.824e+01	3.064e+00	356.74	-3.37764e+07	5.91308e+06	3.02712e+08
150	0.1500	58.967	-2018.509	-1959.542	-5.853e+01	3.079e+00	358.67	-2.57507e+07	1.42011e+07	3.05509e+08
151	0.1510	58.531	-2018.379	-1959.848	-5.884e+01	3.095e+00	362.58	-2.64833e+06	3.16208e+07	3.07904e+08
152	0.1520	58.281	-2018.462	-1960.181	-5.917e+01	3.113e+00	368.39	2.38012e+07	4.98322e+07	3.09333e+08
153	0.1530	58.173	-2018.720	-1960.547	-5.954e+01	3.132e+00	375.44	4.42335e+07	6.27628e+07	3.09609e+08
154	0.1540	58.131	-2019.082	-1960.951	-5.994e+01	3.153e+00	382.82	5.59597e+07	6.87632e+07	3.09371e+08
155	0.1550	58.081	-2019.473	-1961.393	-6.038e+01	3.176e+00	389.75	6.07447e+07	6.94816e+07	3.09785e+08
156	0.1560	57.960	-2019.830	-1961.869	-6.086e+01	3.201e+00	395.71	6.21513e+07	6.77104e+07	3.12179e+08
157	0.1570	57.730	-2020.106	-1962.376	-6.137e+01	3.228e+00	400.47	6.35593e+07	6.59715e+07	3.17696e+08
158	0.1580	57.368	-2020.275	-1962.907	-6.190e+01	3.256e+00	404.05	6.62172e+07	6.51813e+07	3.26973e+08
159	0.1590	56.869	-2020.325	-1963.456	-6.245e+01	3.285e+00	406.56	7.06743e+07	6.57132e+07	3.40125e+08
160	0.1600	56.243	-2020.259	-1964.016	-6.301e+01	3.314e+00	408.24	7.71913e+07	6.76839e+07	3.56698e+08
161	0.1610	55.516	-2020.101	-1964.585	-6.357e+01	3.344e+00	409.41	8.56928e+07	7.09100e+07	3.75622e+08
162	0.1620	54.726	-2019.885	-1965.159	-6.415e+01	3.374e+00	410.38	9.57548e+07	7.48904e+07	3.95213e+08
163	0.1630	53.920	-2019.658	-1965.738	-6.473e+01	3.405e+00	411.47	1.06654e+08	7.89103e+07	4.13461e+08
164	0.1640	53.150	-2019.472	-1966.322	-6.531e+01	3.436e+00	412.97	1.17530e+08	8.24117e+07	4.28943e+08
165	0.1650	52.463	-2019.378	-1966.915	-6.591e+01	3.467e+00	415.03	1.27456e+08	8.49079e+07	4.40504e+08
166	0.1660	51.896	-2019.416	-1967.520	-6.651e+01	3.499e+00	417.68	1.35546e+08	8.59866e+07	4.47202e+08
167	0.1670	51.469	-2019.610	-1968.141	-6.713e+01	3.531e+00	420.81	1.41052e+08	8.53631e+07	4.48203e+08
168	0.1680	51.183	-2019.962	-1968.779	-6.777e+01	3.565e+00	424.16	1.43594e+08	8.29293e+07	4.43016e+08
169	0.1690	51.020	-2020.456	-1969.436	-6.843e+01	3.599e+00	427.36	1.44144e+08	7.88582e+07	4.31742e+08
170	0.1700	50.955	-2021.063	-1970.108	-6.910e+01	3.635e+00	430.11	1.44187e+08	7.43587e+07	4.15053e+08
171	0.1710	50.967	-2021.761	-1970.795	-6.978e+01	3.671e+00	432.25	1.45856e+08	7.31997e+07	3.94063e+08
172	0.1720	51.042	-2022.535	-1971.493	-7.048e+01	3.708e+00	433.74	1.47076e+08	7.69314e+07	3.69902e+08
173	0.1730	51.165	-2023.364	-1972.199	-7.119e+01	3.745e+00	434.46	1.45462e+08	8.55192e+07	3.43871e+08
174	0.1740	51.323	-2024.232	-1972.909	-7.190e+01	3.782e+00	434.31	1.42161e+08	9.74685e+07	3.17432e+08
175	0.1750	51.487	-2025.113	-1973.626	-7.262e+01	3.820e+00	433.14	1.35058e+08	1.03552e+08	2.91766e+08
176	0.1760	51.554	-2025.901	-1974.347	-7.334e+01	3.858e+00	430.04	1.10495e+08	8.43126e+07	2.67426e+08
177	0.1770	51.353	-2026.393	-1975.040	-7.403e+01	3.894e+00	423.59	6.61396e+07	3.89675e+07	2.45257e+08
178	0.1780	50.845	-2026.522	-1975.677	-7.467e+01	3.928e+00	413.80	3.11255e+07	2.67272e+06	2.27081e+08
179	0.1790	50.170	-2026.437	-1976.267	-7.526e+01	3.959e+00	402.43	1.82811e+07	-9.38362e+06	2.13669e+08
180	0.1800	49.449	-2026.256	-1976.807	-7.580e+01	3.987e+00	390.92	1.24553e+07	-1.30007e+07	2.04492e+08
181	0.1810	48.715	-2026.000	-1977.286	-7.628e+01	4.012e+00	379.65	7.32992e+06	-1.48543e+07	1.99130e+08
182	0.1820	47.974	-2025.679	-1977.705	-7.669e+01	4.034e+00	368.74	2.85836e+06	-1.53394e+07	1.97042e+08
183	0.1830	47.237	-2025.304	-1978.067	-7.706e+01	4.053e+00	358.27	-9.98882e+05	-1.50866e+07	1.97415e+08
184	0.1840	46.511	-2024.884	-1978.373	-7.736e+01	4.070e+00	348.36	-4.28301e+06	-1.47894e+07	1.99360e+08
185	0.1850	45.806	-2024.433	-1978.627	-7.762e+01	4.083e+00	339.11	-7.03237e+06	-1.50028e+07	2.02108e+08
186	0.1860	45.128	-2023.961	-1978.833	-7.782e+01	4.094e+00	330.61	-9.28549e+06	-1.60341e+07	2.05122e+08
187	0.1870	44.485	-2023.479	-1978.994	-7.798e+01	4.102e+00	322.93	-1.10851e+07	-1.79448e+07	2.08098e+08
188	0.1880	43.881	-2022.995	-1979.114	-7.810e+01	4.109e+00	316.09	-1.24792e+07	-2.06200e+07	2.10911e+08
189	0.1890	43.319	-2022.517	-1979.199	-7.819e+01	4.113e+00	310.12	-1.35191e+07	-2.38531e+07	2.13539e+08
190	0.1900	42.799	-2022.051	-1979.252	-7.824e+01	4.116e+00	305.00	-1.43305e+07	-2.80201e+07	2.15768e+08
191	0.1910	42.295	-2021.586	-1979.291	-7.828e+01	4.118e+00	300.77	-1.06085e+07	-3.42919e+07	2.17062e+08
192	0.1920	41.654	-2020.967	-1979.313	-7.830e+01	4.119e+00	297.51	2.43253e+07	-2.99719e+07	2.21902e+08
193	0.1930	40.853	-2020.104	-1979.251	-7.824e+01	4.116e+00	295.23	3.46942e+07	-3.56934e+07	2.23181e+08
194	0.1940	40.211	-2019.424	-1979.213	-7.820e+01	4.114e+00	293.63	-9.48319e+06	-5.72054e+07	2.15799e+08
195	0.1950	39.913	-2019.107	-1979.194	-7.818e+01	4.113e+00	292.27	-4.37652e+07	-6.44029e+07	2.07950e+08
196	0.1960	39.848	-2019.013	-1979.165	-7.815e+01	4.111e+00	290.97	-4.89232e+07	-5.02475e+07	2.02283e+08
197	0.1970	39.890	-2019.007	-1979.118	-7.811e+01	4.109e+00	289.63	-3.77954e+07	-2.18170e+07	1.97498e+08
198	0.1980	40.031	-2019.086	-1979.054	-7.804e+01	4.105e+00	288.16	-2.93374e+07	1.09103e+07	1.91522e+08
199	0.1990	40.344	-2019.336	-1978.992	-7.798e+01	4.102e+00	286.70	-2.72734e+07	3.93510e+07	1.83681e+08
200	0.2000	40.827	-2019.763	-1978.936	-7.793e+01	4.099e+00	285.71	-2.73385e+07	4.25520e+07	1.72332e+08
201	0.2010	41.349	-2020.224	-1978.874	-7.786e+01	4.096e+00	285.83	-3.17713e+07	4.48159e+06	1.57202e+08
202	0.2020	41.772	-2020.569	-1978.797	-7.779e+01	4.092e+00	287.29	-3.58916e+07	-4.18031e+07	1.45376e+08
203	0.2030	42.082	-2020.806	-1978.724	-7.771e+01	4.088e+00	289.71	-3.36278e+07	-6.19233e+07	1.41846e+08
204	0.2040	42.328	-2020.998	-1978.671	-7.766e+01	4.085e+00	292.70	-2.55828e+07	-6.46986e+07	1.44621e+08
205	0.2050	42.500	-2021.138	-1978.637	-7.763e+01	4.083e+00	296.06	-1.14083e+07	-6.32411e+07	1.51799e+08
206	0.2060	42.539	-2021.163	-1978.624	-7.761e+01	4.083e+00	299.73	1.49133e+07	-5.41436e+07	1.63663e+08
207	0.2070	42.364	-2020.992	-1978.628	-7.762e+01	4.083e+00	303.70	5.55549e+07	-3.68511e+07	1.79572e+08
208	0.2080	41.913	-2020.562	-1978.649	-7.764e+01	4.084e+00	308.02	1.03390e+08	-1.89023e+07	1.97182e+08
209	0.2090	41.181	-2019.869	-1978.688	-7.768e+01	4.086e+00	312.76	1.47840e+08	-1.01264e+07	2.13308e+08
210	0.2100	40.207	-2018.959	-1978.751	-7.774e+01	4.089e+00	318.07	1.85819e+08	-1.27870e+07	2.25401e+08
211	0.2110	39.070	-2017.909	-1978.840	-7.783e+01	4.094e+00	324.28	2.20168e+08	-2.30285e+07	2.31936e+08
212	0.2120	37.883	-2016.841	-1978.958	-7.795e+01	4.100e+00	332.04	2.52928e+08	-3.66383e+07	2.32549e+08
213	0.2130	36.809	-2015.923	-1979.114	-7.810e+01	4.109e+00	342.15	2.83359e+08	-5.07109e+07	2.28474e+08
214	0.2140	36.026	-2015.353	-1979.326	-7.832e+01	4.120e+00	355.32	3.08759e+08	-6.32214e+07	2.22812e+08
215	0.2150	35.681	-2015.294	-1979.613	-7.860e+01	4.135e+00	371.65	3.25772e+08	-7.30156e+07	2.17987e+08
216	0.2160	35.827	-2015.821	-1979.994	-7.898e+01	4.155e+00	390.37	3.31426e+08	-7.99643e+07	2.14410e+08
217	0.2170	36.402	-2016.883	-1980.481	-7.947e+01	4.180e+00	409.85	3.24067e+08	-8.46216e+07	2.11988e+08
218	0.2180	37.250	-2018.323	-1981.073	-8.006e+01	4.212e+00	428.01	3.03837e+08	-8.79463e+07	2.10399e+08
219	0.2190	38.174	-2019.935	-1981.761	-8.075e+01	4.248e+00	442.88	2.72677e+08	-9.08630e+07	2.09333e+08
220	0.2200	38.999	-2021.522	-1982.523	-8.151e+01	4.288e+00	453.07	2.34255e+08	-9.35532e+07	2.08961e+08
221	0.2210	39.610	-2022.945	-1983.335	-8.232e+01	4.331e+00	458.07	1.92833e+08	-9.55053e+07	2.09747e+08
222	0.2220	39.954	-2024.124	-1984.170	-8.316e+01	4.374e+00	458.09	1.52354e+08	-9.59062e+07	2.12043e+08
223	0.2230	40.031	-2025.033	-1985.002	-8.399e+01	4.418e+00	453.84	1.15642e+08	-9.41442e+07	2.16055e+08
224	0.2240	39.871	-2025.682	-1985.811	-8.480e+01	4.461e+00	446.27	8.38655e+07	-9.03005e+07	2.21843e+08
225	0.2250	39.521	-2026.101	-1986.580	-8.557e+01	4.501e+00	436.32	5.73666e+07	-8.46126e+07	2.29378e+08
226	0.2260	39.029	-2026.325	-1987.296	-8.629e+01	4.539e+00	424.84	3.60093e+07	-7.73625e+07	2.38564e+08
227	0.2270	38.437	-2026.389	-1987.952	-8.694e+01	4.573e+00	412.54	1.93959e+07	-6.88488e+07	2.49263e+08
228	0.2280	37.781	-2026.325	-1988.544	-8.753e+01	4.605e+00	399.92	7.01775e+06	-5.93691e+07	2.61295e+08
229	0.2290	37.088	-2026.158	-1989.070	-8.806e+01	4.632e+00	387.38	-1.65152e+06	-4.92057e+07	2.74453e+08
230	0.2300	36.379	-2025.908	-1989.529	-8.852e+01	4.656e+00	375.19	-7.10357e+06	-3.86141e+07	2.88503e+08
231	0.2310	35.666	-2025.591	-1989.925	-8.891e+01	4.677e+00	363.52	-9.77114e+06	-2.78106e+07	3.03186e+08
232	0.2320	34.962	-2025.221	-1990.259	-8.925e+01	4.695e+00	352.49	-1.00202e+07	-1.69616e+07	3.18226e+08
233	0.2330	34.275	-2024.810	-1990.535	-8.952e+01	4.709e+00	342.20	-8.15208e+06	-6.17669e+06	3.33324e+08
234	0.2340	33.605	-2024.367	-1990.762	-8.975e+01	4.721e+00	332.60	-8.25777e+06	4.36685e+06	3.47935e+08
235	0.2350	32.904	-2023.847	-1990.943	-8.993e+01	4.731e+00	323.08	-3.28850e+07	1.39632e+07	3.60439e+08
236	0.2360	32.098	-2023.163	-1991.065	-9.005e+01	4.737e+00	312.72	-8.13480e+07	2.27336e+07	3.70659e+08
237	0.2370	31.203	-2022.325	-1991.122	-9.011e+01	4.740e+00	301.68	-1.23492e+08	3.16981e+07	3.80063e+08
238	0.2380	30.338	-2021.458	-1991.119	-9.011e+01	4.740e+00	291.30	-1.33214e+08	4.17939e+07	3.89776e+08
239	0.2390	29.637	-2020.703	-1991.066	-9.006e+01	4.737e+00	283.08	-1.07478e+08	5.34289e+07	3.99629e+08
240	0.2400	29.170	-2020.144	-1990.975	-8.996e+01	4.732e+00	277.83	-5.87987e+07	6.66252e+07	4.08673e+08
241	0.2410	28.949	-2019.807	-1990.858	-8.985e+01	4.726e+00	275.61	-1.81816e+06	8.12518e+07	4.15956e+08
242	0.2420	28.955	-2019.685	-1990.730	-8.972e+01	4.720e+00	276.03	5.27679e+07	9.70356e+07	4.20914e+08
243	0.2430	29.160	-2019.766	-1990.606	-8.960e+01	4.713e+00	278.60	9.82929e+07	1.13051e+08	4.23373e+08
244	0.2440	29.534	-2020.030	-1990.496	-8.949e+01	4.707e+00	282.78	1.30292e+08	1.26677e+08	4.23435e+08
245	0.2450	30.035	-2020.445	-1990.410	-8.940e+01	4.703e+00	287.98	1.44789e+08	1.32357e+08	4.21353e+08
246	0.2460	30.590	-2020.945	-1990.356	-8.935e+01	4.700e+00	293.45	1.38582e+08	1.22480e+08	4.17414e+08
247	0.2470	31.095	-2021.423	-1990.329	-8.932e+01	4.698e+00	298.31	1.14364e+08	9.46584e+07	4.11941e+08
248	0.2480	31.464	-2021.784	-1990.320	-8.931e+01	4.698e+00	301.93	8.45230e+07	6.03813e+07	4.05385e+08
249	0.2490	31.690	-2022.014	-1990.324	-8.931e+01	4.698e+00	304.34	6.32850e+07	3.66795e+07	3.98338e+08
250	0.2500	31.831	-2022.173	-1990.342	-8.933e+01	4.699e+00	306.09	5.43771e+07	2.84213e+07	3.91254e+08
251	0.2510	31.941	-2022.314	-1990.373	-8.936e+01	4.701e+00	307.62	5.09871e+07	2.75459e+07	3.84244e+08
252	0.2520	32.037	-2022.451	-1990.414	-8.940e+01	4.703e+00	309.07	4.72366e+07	2.68720e+07	3.77293e+08
253	0.2530	32.117	-2022.579	-1990.462	-8.945e+01	4.705e+00	310.38	4.27947e+07	2.59284e+07	3.70489e+08
254	0.2540	32.179	-2022.695	-1990.517	-8.951e+01	4.708e+00	311.52	3.77841e+07	2.47882e+07	3.63898e+08
255	0.2550	32.221	-2022.799	-1990.577	-8.957e+01	4.712e+00	312.47	3.23361e+07	2.35270e+07	3.57561e+08
256	0.2560	32.243	-2022.887	-1990.643	-8.963e+01	4.715e+00	313.21	2.65839e+07	2.22180e+07	3.51498e+08
257	0.2570	32.246	-2022.958	-1990.713	-8.970e+01	4.719e+00	313.75	2.06572e+07	2.09282e+07	3.45716e+08
258	0.2580	32.229	-2023.014	-1990.785	-8.978e+01	4.722e+00	314.10	1.46769e+07	1.97151e+07	3.40215e+08
259	0.2590	32.194	-2023.053	-1990.860	-8.985e+01	4.726e+00	314.26	8.75175e+06	1.86246e+07	3.34992e+08
260	0.2600	32.142	-2023.077	-1990.935	-8.992e+01	4.730e+00	314.25	2.97626e+06	1.76907e+07	3.30047e+08
261	0.2610	32.075	-2023.085	-1991.010	-9.000e+01	4.734e+00	314.09	-2.57050e+06	1.69350e+07	3.25386e+08
262	0.2620	31.996	-2023.080	-1991.084	-9.007e+01	4.738e+00	313.82	-7.82554e+06	1.63372e+07	3.21015e+08
263	0.2630	31.906	-2023.063	-1991.157	-9.015e+01	4.742e+00	313.44	-1.27489e+07	1.56178e+07	3.16951e+08
264	0.2640	31.806	-2023.034	-1991.228	-9.022e+01	4.746e+00	312.98	-1.73250e+07	1.44037e+07	3.13213e+08
265	0.2650	31.698	-2022.994	-1991.296	-9.029e+01	4.749e+00	312.43	-2.15539e+07	1.24446e+07	3.09827e+08
266	0.2660	31.582	-2022.944	-1991.362	-9.035e+01	4.753e+00	311.81	-2.54415e+07	9.70182e+06	3.06824e+08
267	0.2670	31.460	-2022.884	-1991.424	-9.041e+01	4.756e+00	311.12	-2.89926e+07	6.38666e+06	3.04240e+08
268	0.2680	31.333	-2022.816	-1991.482	-9.047e+01	4.759e+00	310.37	-3.22158e+07	2.90834e+06	3.02109e+08
269	0.2690	31.202	-2022.740	-1991.537	-9.053e+01	4.762e+00	309.59	-3.53374e+07	-4.38454e+05	3.00394e+08
270	0.2700	31.070	-2022.657	-1991.588	-9.058e+01	4.765e+00	308.77	-3.87482e+07	-3.52100e+06	2.99004e+08
271	0.2710	30.935	-2022.569	-1991.634	-9.062e+01	4.767e+00	307.95	-4.29240e+07	-6.18689e+06	2.97233e+08
272	0.2720	30.797	-2022.473	-1991.676	-9.067e+01	4.769e+00	307.11	-4.86150e+07	-8.52046e+06	2.93511e+08
273	0.2730	30.652	-2022.366	-1991.714	-9.070e+01	4.771e+00	306.27	-5.62128e+07	-1.07247e+07	2.86927e+08
274	0.2740	30.496	-2022.244	-1991.748	-9.074e+01	4.773e+00	305.42	-6.56593e+07	-1.30833e+07	2.77475e+08
275	0.2750	30.329	-2022.105	-1991.776	-9.077e+01	4.775e+00	304.59	-7.65059e+07	-1.58909e+07	2.65884e+08
276	0.2760	30.152	-2021.952	-1991.800	-9.079e+01	4.776e+00	303.81	-8.80386e+07	-1.93820e+07	2.53333e+08
277	0.2770	29.971	-2021.791	-1991.820	-9.081e+01	4.777e+00	303.12	-9.94456e+07	-2.36803e+07	2.41099e+08
278	0.2780	29.794	-2021.630	-1991.835	-9.083e+01	4.778e+00	302.58	-1.09983e+08	-2.87774e+07	2.30259e+08
279	0.2790	29.631	-2021.479	-1991.848	-9.084e+01	4.778e+00	302.23	-1.19087e+08	-3.45378e+07	2.21519e+08
280	0.2800	29.489	-2021.349	-1991.860	-9.085e+01	4.779e+00	302.11	-1.26409e+08	-4.07208e+07	2.15212e+08
281	0.2810	29.376	-2021.246	-1991.871	-9.086e+01	4.780e+00	302.24	-1.31793e+08	-4.70223e+07	2.11400e+08
282	0.2820	29.294	-2021.177	-1991.882	-9.087e+01	4.780e+00	302.63	-1.35221e+08	-5.31250e+07	2.10003e+08
283	0.2830	29.246	-2021.142	-1991.896	-9.089e+01	4.781e+00	303.25	-1.36763e+08	-5.87488e+07	2.10902e+08
284	0.2840	29.230	-2021.143	-1991.913	-9.090e+01	4.782e+00	304.05	-1.36549e+08	-6.36876e+07	2.13959e+08
285	0.2850	29.240	-2021.175	-1991.935	-9.092e+01	4.783e+00	304.98	-1.34774e+08	-6.78243e+07	2.18967e+08
286	0.2860	29.271	-2021.233	-1991.962	-9.095e+01	4.784e+00	305.95	-1.31719e+08	-7.11260e+07	2.25558e+08
287	0.2870	29.314	-2021.308	-1991.994	-9.098e+01	4.786e+00	306.88	-1.27775e+08	-7.36238e+07	2.33124e+08
288	0.2880	29.362	-2021.392	-1992.030	-9.102e+01	4.788e+00	307.72	-1.23442e+08	-7.53876e+07	2.40809e+08
289	0.2890	29.410	-2021.481	-1992.071	-9.106e+01	4.790e+00	308.41	-1.19270e+08	-7.64987e+07	2.47611e+08
290	0.2900	29.455	-2021.570	-1992.115	-9.111e+01	4.792e+00	308.98	-1.15746e+08	-7.70224e+07	2.52577e+08
291	0.2910	29.498	-2021.660	-1992.163	-9.115e+01	4.795e+00	309.46	-1.13160e+08	-7.69821e+07	2.55123e+08
292	0.2920	29.542	-2021.754	-1992.212	-9.120e+01	4.798e+00	309.91	-1.11494e+08	-7.63280e+07	2.55240e+08
293	0.2930	29.592	-2021.856	-1992.264	-9.125e+01	4.800e+00	310.40	-1.10364e+08	-7.49359e+07	2.53580e+08
294	0.2940	29.650	-2021.969	-1992.319	-9.131e+01	4.803e+00	310.97	-1.09029e+08	-7.26148e+07	2.51409e+08
295	0.2950	29.715	-2022.092	-1992.377	-9.137e+01	4.806e+00	311.61	-1.06840e+08	-6.92014e+07	2.49754e+08
296	0.2960	29.787	-2022.225	-1992.438	-9.143e+01	4.809e+00	312.31	-1.03728e+08	-6.47087e+07	2.48627e+08
297	0.2970	29.868	-2022.370	-1992.502	-9.149e+01	4.813e+00	313.02	-1.00589e+08	-5.95679e+07	2.46861e+08
298	0.2980	29.962	-2022.532	-1992.570	-9.156e+01	4.816e+00	313.72	-9.86657e+07	-5.44735e+07	2.42992e+08
299	0.2990	30.082	-2022.723	-1992.641	-9.163e+01	4.820e+00	314.37	-9.89194e+07	-5.01551e+07	2.36087e+08
300	0.3000	30.241	-2022.956	-1992.716	-9.171e+01	4.824e+00	314.92	-1.01699e+08	-4.71299e+07	2.26071e+08
301	0.3010	30.455	-2023.248	-1992.793	-9.178e+01	4.828e+00	315.34	-1.06424e+08	-4.55124e+07	2.14041e+08
302	0.3020	30.737	-2023.611	-1992.874	-9.186e+01	4.832e+00	315.62	-1.11198e+08	-4.47840e+07	2.02617e+08
303	0.3030	31.087	-2024.046	-1992.959	-9.195e+01	4.837e+00	315.77	-1.12665e+08	-4.36607e+07	1.95959e+08
304	0.3040	31.482	-2024.529	-1993.047	-9.204e+01	4.841e+00	315.80	-1.06865e+08	-4.04048e+07	1.98659e+08
305	0.3050	31.865	-2025.002	-1993.137	-9.213e+01	4.846e+00	315.64	-9.18262e+07	-3.39622e+07	2.12765e+08
306	0.3060	32.170	-2025.393	-1993.223	-9.221e+01	4.851e+00	315.17	-7.07368e+07	-2.54780e+07	2.34386e+08
307	0.3070	32.358	-2025.658	-1993.300	-9.229e+01	4.855e+00	314.32	-5.14940e+07	-1.82786e+07	2.54524e+08
308	0.3080	32.449	-2025.820	-1993.371	-9.236e+01	4.858e+00	313.14	-4.05468e+07	-1.51693e+07	2.66065e+08
309	0.3090	32.493	-2025.931	-1993.438	-9.243e+01	4.862e+00	311.78	-3.66780e+07	-1.54606e+07	2.70376e+08
310	0.3100	32.520	-2026.020	-1993.500	-9.249e+01	4.865e+00	310.35	-3.39563e+07	-1.61868e+07	2.73725e+08
311	0.3110	32.536	-2026.090	-1993.554	-9.254e+01	4.868e+00	308.91	-3.09962e+07	-1.65523e+07	2.77333e+08
312	0.3120	32.541	-2026.142	-1993.601	-9.259e+01	4.871e+00	307.52	-2.74131e+07	-1.62960e+07	2.81327e+08
313	0.3130	32.536	-2026.177	-1993.641	-9.263e+01	4.873e+00	306.21	-2.29517e+07	-1.52435e+07	2.85777e+08
314	0.3140	32.522	-2026.196	-1993.674	-9.266e+01	4.874e+00	305.01	-1.76476e+07	-1.34175e+07	2.90609e+08
315	0.3150	32.501	-2026.201	-1993.700	-9.269e+01	4.876e+00	303.96	-1.16145e+07	-1.09509e+07	2.95712e+08
316	0.3160	32.473	-2026.194	-1993.721	-9.271e+01	4.877e+00	303.08	-4.98337e+06	-7.98404e+06	3.00968e+08
317	0.3170	32.441	-2026.178	-1993.737	-9.273e+01	4.878e+00	302.39	2.11632e+06	-4.64248e+06	3.06265e+08
318	0.3180	32.405	-2026.154	-1993.749	-9.274e+01	4.878e+00	301.92	9.57217e+06	-1.02114e+06	3.11503e+08
319	0.3190	32.367	-2026.126	-1993.759	-9.275e+01	4.879e+00	301.68	1.73022e+07	2.82794e+06	3.16609e+08
320	0.3200	32.327	-2026.095	-1993.768	-9.276e+01	4.879e+00	301.67	2.52645e+07	6.90355e+06	3.21543e+08
321	0.3210	32.287	-2026.064	-1993.777	-9.277e+01	4.880e+00	301.90	3.34618e+07	1.12574e+07	3.26298e+08
322	0.3220	32.245	-2026.033	-1993.787	-9.278e+01	4.880e+00	302.32	4.19374e+07	1.59875e+07	3.30903e+08
323	0.3230	32.200	-2025.999	-1993.800	-9.279e+01	4.881e+00	302.92	5.07594e+07	2.12197e+07	3.35415e+08
324	0.3240	32.146	-2025.962	-1993.815	-9.280e+01	4.882e+00	303.62	5.99912e+07	2.70750e+07	3.39897e+08
325	0.3250	32.081	-2025.916	-1993.835	-9.282e+01	4.883e+00	304.35	6.96503e+07	3.36240e+07	3.44398e+08
326	0.3260	31.998	-2025.857	-1993.858	-9.285e+01	4.884e+00	305.04	7.96648e+07	4.08378e+07	3.48929e+08
327	0.3270	31.895	-2025.780	-1993.885	-9.287e+01	4.886e+00	305.59	8.98400e+07	4.84991e+07	3.53413e+08
328	0.3280	31.766	-2025.680	-1993.915	-9.290e+01	4.887e+00	305.94	9.98563e+07	5.61480e+07	3.57648e+08
329	0.3290	31.611	-2025.557	-1993.946	-9.294e+01	4.889e+00	306.06	1.09322e+08	6.32673e+07	3.61394e+08
330	0.3300	31.433	-2025.410	-1993.978	-9.297e+01	4.890e+00	305.93	1.17841e+08	6.93933e+07	3.64346e+08
331	0.3310	31.234	-2025.243	-1994.009	-9.300e+01	4.892e+00	305.60	1.25081e+08	7.42050e+07	3.66020e+08
332	0.3320	31.023	-2025.061	-1994.038	-9.303e+01	4.894e+00	305.12	1.30878e+08	7.76223e+07	3.66068e+08
333	0.3330	30.807	-2024.871	-1994.064	-9.305e+01	4.895e+00	304.53	1.35222e+08	7.97956e+07	3.64313e+08
334	0.3340	30.595	-2024.683	-1994.088	-9.308e+01	4.896e+00	303.90	1.38242e+08	8.10769e+07	3.60759e+08
335	0.3350	30.395	-2024.502	-1994.108	-9.310e+01	4.897e+00	303.26	1.40205e+08	8.19564e+07	3.55590e+08
336	0.3360	30.213	-2024.338	-1994.124	-9.311e+01	4.898e+00	302.64	1.41154e+08	8.26277e+07	3.48977e+08
337	0.3370	30.057	-2024.195	-1994.138	-9.313e+01	4.899e+00	302.06	1.40899e+08	8.29528e+07	3.41038e+08
338	0.3380	29.933	-2024.082	-1994.149	-9.314e+01	4.899e+00	301.53	1.39280e+08	8.27608e+07	3.31937e+08
339	0.3390	29.846	-2024.002	-1994.156	-9.315e+01	4.900e+00	301.10	1.36212e+08	8.18849e+07	3.21877e+08
340	0.3400	29.799	-2023.961	-1994.162	-9.315e+01	4.900e+00	300.77	1.31698e+08	8.01943e+07	3.11094e+08
341	0.3410	29.792	-2023.959	-1994.166	-9.316e+01	4.900e+00	300.58	1.25847e+08	7.76209e+07	2.99849e+08
342	0.3420	29.826	-2023.996	-1994.169	-9.316e+01	4.900e+00	300.54	1.18862e+08	7.41757e+07	2.88423e+08
343	0.3430	29.897	-2024.069	-1994.172	-9.316e+01	4.901e+00	300.64	1.11029e+08	6.99497e+07	2.77097e+08
344	0.3440	29.999	-2024.175	-1994.176	-9.317e+01	4.901e+00	300.87	1.02687e+08	6.51028e+07	2.66141e+08
345	0.3450	30.125	-2024.306	-1994.181	-9.317e+01	4.901e+00	301.22	9.41576e+07	5.98664e+07	2.55812e+08
346	0.3460	30.267	-2024.456	-1994.188	-9.318e+01	4.901e+00	301.66	8.57859e+07	5.44811e+07	2.46311e+08
347	0.3470	30.417	-2024.615	-1994.197	-9.319e+01	4.902e+00	302.16	7.78097e+07	4.91253e+07	2.37754e+08
348	0.3480	30.567	-2024.776	-1994.209	-9.320e+01	4.903e+00	302.68	7.03483e+07	4.38786e+07	2.30162e+08
349	0.3490	30.708	-2024.932	-1994.224	-9.321e+01	4.903e+00	303.20	6.34834e+07	3.88036e+07	2.23519e+08
350	0.3500	30.835	-2025.076	-1994.241	-9.323e+01	4.904e+00	303.69	5.72682e+07	3.39429e+07	2.17784e+08
351	0.3510	30.944	-2025.204	-1994.261	-9.325e+01	4.905e+00	304.14	5.17349e+07	2.93392e+07	2.12905e+08
352	0.3520	31.030	-2025.312	-1994.282	-9.327e+01	4.906e+00	304.55	4.69001e+07	2.50383e+07	2.08825e+08
353	0.3530	31.091	-2025.398	-1994.306	-9.330e+01	4.908e+00	304.90	4.27702e+07	2.10886e+07	2.05488e+08
354	0.3540	31.127	-2025.459	-1994.332	-9.332e+01	4.909e+00	305.19	3.93454e+07	1.75399e+07	2.02845e+08
355	0.3550	31.136	-2025.496	-1994.360	-9.335e+01	4.911e+00	305.42	3.66223e+07	1.44313e+07	2.00848e+08
356	0.3560	31.120	-2025.508	-1994.388	-9.338e+01	4.912e+00	305.60	3.45936e+07	1.16888e+07	1.99419e+08
357	0.3570	31.079	-2025.497	-1994.418	-9.341e+01	4.914e+00	305.70	3.32493e+07	9.17262e+06	1.98462e+08
358	0.3580	31.015	-2025.462	-1994.448	-9.344e+01	4.915e+00	305.74	3.25776e+07	6.75581e+06	1.97894e+08
359	0.3590	30.928	-2025.406	-1994.478	-9.347e+01	4.917e+00	305.70	3.25633e+07	4.33231e+06	1.97638e+08
360	0.3600	30.821	-2025.329	-1994.508	-9.350e+01	4.918e+00	305.57	3.31847e+07	1.82136e+06	1.97630e+08
361	0.3610	30.694	-2025.231	-1994.537	-9.353e+01	4.920e+00	305.34	3.44108e+07	-8.27116e+05	1.97816e+08
362	0.3620	30.551	-2025.115	-1994.565	-9.355e+01	4.921e+00	305.01	3.61971e+07	-3.62938e+06	1.98150e+08
363	0.3630	30.391	-2024.983	-1994.591	-9.358e+01	4.923e+00	304.57	3.84825e+07	-6.57276e+06	1.98593e+08
364	0.3640	30.219	-2024.834	-1994.615	-9.360e+01	4.924e+00	304.03	4.11870e+07	-9.62138e+06	1.99108e+08
365	0.3650	30.036	-2024.672	-1994.636	-9.363e+01	4.925e+00	303.39	4.42110e+07	-1.27235e+07	1.99654e+08
366	0.3660	29.846	-2024.499	-1994.654	-9.364e+01	4.926e+00	302.68	4.74376e+07	-1.58192e+07	2.00191e+08
367	0.3670	29.650	-2024.318	-1994.668	-9.366e+01	4.927e+00	301.92	5.07361e+07	-1.88501e+07	2.00672e+08
368	0.3680	29.454	-2024.131	-1994.678	-9.367e+01	4.927e+00	301.13	5.39679e+07	-2.17664e+07	2.01045e+08
369	0.3690	29.259	-2023.942	-1994.683	-9.367e+01	4.928e+00	300.36	5.69998e+07	-2.45213e+07	2.01263e+08
370	0.3700	29.069	-2023.754	-1994.685	-9.367e+01	4.928e+00	299.62	5.97149e+07	-2.70651e+07	2.01292e+08
371	0.3710	28.887	-2023.569	-1994.683	-9.367e+01	4.928e+00	298.96	6.19937e+07	-2.93517e+07	2.01061e+08
372	0.3720	28.714	-2023.392	-1994.677	-9.367e+01	4.927e+00	298.39	6.36929e+07	-3.13476e+07	2.00411e+08
373	0.3730	28.554	-2023.223	-1994.669	-9.366e+01	4.927e+00	297.96	6.47474e+07	-3.29835e+07	1.99278e+08
374	0.3740	28.406	-2023.065	-1994.659	-9.365e+01	4.926e+00	297.68	6.46094e+07	-3.51854e+07	1.97676e+08
375	0.3750	28.253	-2022.903	-1994.650	-9.364e+01	4.926e+00	297.47	5.96613e+07	-4.44754e+07	1.95626e+08
376	0.3760	28.067	-2022.706	-1994.639	-9.363e+01	4.925e+00	297.22	4.82471e+07	-6.41485e+07	1.93274e+08
377	0.3770	27.827	-2022.450	-1994.624	-9.361e+01	4.924e+00	296.86	3.30972e+07	-8.97662e+07	1.90879e+08
378	0.3780	27.543	-2022.147	-1994.604	-9.359e+01	4.923e+00	296.46	1.90521e+07	-1.12944e+08	1.88708e+08
379	0.3790	27.252	-2021.834	-1994.582	-9.357e+01	4.922e+00	296.22	9.74350e+06	-1.27162e+08	1.86930e+08
380	0.3800	26.992	-2021.552	-1994.560	-9.355e+01	4.921e+00	296.31	6.06433e+06	-1.30685e+08	1.85634e+08
381	0.3810	26.788	-2021.328	-1994.540	-9.353e+01	4.920e+00	296.81	6.86259e+06	-1.25524e+08	1.84890e+08
382	0.3820	26.645	-2021.169	-1994.524	-9.351e+01	4.919e+00	297.69	1.03387e+07	-1.14958e+08	1.84759e+08
383	0.3830	26.558	-2021.070	-1994.512	-9.350e+01	4.919e+00	298.86	1.49608e+07	-1.01849e+08	1.85278e+08
384	0.3840	26.515	-2021.022	-1994.507	-9.350e+01	4.918e+00	300.22	1.96724e+07	-8.81069e+07	1.86391e+08
385	0.3850	26.502	-2021.011	-1994.509	-9.350e+01	4.918e+00	301.66	2.38561e+07	-7.48038e+07	1.87980e+08
386	0.3860	26.509	-2021.027	-1994.518	-9.351e+01	4.919e+00	303.09	2.72111e+07	-6.24680e+07	1.89896e+08
387	0.3870	26.525	-2021.060	-1994.535	-9.352e+01	4.920e+00	304.45	2.96158e+07	-5.13397e+07	1.91970e+08
388	0.3880	26.543	-2021.102	-1994.559	-9.355e+01	4.921e+00	305.67	3.10402e+07	-4.15379e+07	1.94016e+08
389	0.3890	26.558	-2021.147	-1994.589	-9.358e+01	4.923e+00	306.73	3.14996e+07	-3.31517e+07	1.95854e+08
390	0.3900	26.565	-2021.189	-1994.624	-9.361e+01	4.924e+00	307.61	3.10316e+07	-2.62805e+07	1.97315e+08
391	0.3910	26.562	-2021.227	-1994.665	-9.365e+01	4.927e+00	308.31	2.96772e+07	-2.10463e+07	1.98247e+08
392	0.3920	26.549	-2021.258	-1994.709	-9.370e+01	4.929e+00	308.86	2.74942e+07	-1.75729e+07	1.98551e+08
393	0.3930	26.526	-2021.281	-1994.755	-9.374e+01	4.931e+00	309.27	2.45633e+07	-1.59623e+07	1.98211e+08
394	0.3940	26.495	-2021.299	-1994.804	-9.379e+01	4.934e+00	309.59	2.09926e+07	-1.62622e+07	1.97316e+08
395	0.3950	26.459	-2021.313	-1994.854	-9.384e+01	4.937e+00	309.87	1.69305e+07	-1.84191e+07	1.96068e+08
396	0.3960	26.425	-2021.331	-1994.906	-9.390e+01	4.939e+00	310.16	1.25692e+07	-2.22759e+07	1.94715e+08
397	0.3970	26.398	-2021.357	-1994.959	-9.395e+01	4.942e+00	310.51	8.12843e+06	-2.75170e+07	1.93364e+08
398	0.3980	26.387	-2021.401	-1995.014	-9.400e+01	4.945e+00	311.01	3.95402e+06	-3.34032e+07	1.92099e+08
399	0.3990	26.401	-2021.473	-1995.071	-9.406e+01	4.948e+00	311.69	6.48678e+05	-3.85522e+07	1.91007e+08
400	0.4000	26.447	-2021.580	-1995.133	-9.412e+01	4.951e+00	312.60	-8.51703e+05	-4.07594e+07	1.90190e+08
401	0.4010	26.524	-2021.725	-1995.201	-9.419e+01	4.955e+00	313.72	6.28423e+05	-3.71174e+07	1.89712e+08
402	0.4020	26.623	-2021.898	-1995.275	-9.426e+01	4.959e+00	314.94	6.01685e+06	-2.49433e+07	1.89041e+08
403	0.4030	26.722	-2022.078	-1995.356	-9.435e+01	4.963e+00	316.06	1.52956e+07	-3.51317e+06	1.87289e+08
404	0.4040	26.796	-2022.237	-1995.441	-9.443e+01	4.967e+00	316.88	2.68535e+07	2.41712e+07	1.83640e+08
405	0.4050	26.830	-2022.360	-1995.530	-9.452e+01	4.972e+00	317.30	3.76299e+07	5.14699e+07	1.77368e+08
406	0.4060	26.836	-2022.454	-1995.618	-9.461e+01	4.977e+00	317.38	4.45485e+07	7.13017e+07	1.67851e+08
407	0.4070	26.845	-2022.552	-1995.707	-9.470e+01	4.981e+00	317.35	4.63408e+07	8.05174e+07	1.54631e+08
408	0.4080	26.891	-2022.688	-1995.796	-9.479e+01	4.986e+00	317.45	4.43197e+07	8.20201e+07	1.37515e+08
409	0.4090	26.998	-2022.886	-1995.888	-9.488e+01	4.991e+00	317.81	4.09966e+07	8.16910e+07	1.16709e+08
410	0.4100	27.177	-2023.158	-1995.981	-9.497e+01	4.996e+00	318.46	3.70186e+07	8.08779e+07	9.28114e+07
411	0.4110	27.441	-2023.518	-1996.077	-9.507e+01	5.001e+00	319.45	3.26723e+07	7.96983e+07	6.73418e+07
412	0.4120	27.803	-2023.982	-1996.179	-9.517e+01	5.006e+00	320.84	2.85363e+07	7.82967e+07	4.36752e+07
413	0.4130	28.266	-2024.557	-1996.291	-9.528e+01	5.012e+00	322.66	2.55131e+07	7.68177e+07	2.78646e+07
414	0.4140	28.813	-2025.229	-1996.416	-9.541e+01	5.019e+00	324.86	2.34527e+07	7.51942e+07	2.64254e+07
415	0.4150	29.374	-2025.931	-1996.556	-9.555e+01	5.026e+00	327.18	2.16072e+07	7.31850e+07	4.44236e+07
416	0.4160	29.845	-2026.553	-1996.708	-9.570e+01	5.034e+00	329.14	1.94642e+07	7.06355e+07	8.08636e+07
417	0.4170	30.126	-2026.990	-1996.863	-9.585e+01	5.042e+00	330.25	1.60471e+07	6.76180e+07	1.22902e+08
418	0.4180	30.199	-2027.216	-1997.016	-9.601e+01	5.050e+00	330.42	1.03667e+07	6.44856e+07	1.51785e+08
419	0.4190	30.132	-2027.301	-1997.169	-9.616e+01	5.058e+00	329.98	3.04738e+06	6.17346e+07	1.59909e+08
420	0.4200	30.010	-2027.335	-1997.325	-9.631e+01	5.066e+00	329.32	-3.06813e+06	5.97464e+07	1.60668e+08
421	0.4210	29.876	-2027.355	-1997.479	-9.647e+01	5.075e+00	328.58	-6.32408e+06	5.86329e+07	1.66086e+08
422	0.4220	29.742	-2027.372	-1997.629	-9.662e+01	5.083e+00	327.73	-7.43052e+06	5.83037e+07	1.75485e+08
423	0.4230	29.614	-2027.389	-1997.776	-9.677e+01	5.090e+00	326.74	-7.32764e+06	5.85723e+07	1.87435e+08
424	0.4240	29.490	-2027.407	-1997.917	-9.691e+01	5.098e+00	325.61	-6.78775e+06	5.92223e+07	2.00779e+08
425	0.4250	29.369	-2027.422	-1998.053	-9.704e+01	5.105e+00	324.33	-6.29661e+06	6.00468e+07	2.14822e+08
426	0.4260	29.246	-2027.428	-1998.181	-9.717e+01	5.112e+00	322.92	-6.05265e+06	6.08686e+07	2.29321e+08
427	0.4270	29.117	-2027.420	-1998.303	-9.729e+01	5.118e+00	321.39	-5.99884e+06	6.15563e+07	2.44417e+08
428	0.4280	28.976	-2027.393	-1998.416	-9.741e+01	5.124e+00	319.76	-5.87749e+06	6.20314e+07	2.60601e+08
429	0.4290	28.818	-2027.340	-1998.521	-9.751e+01	5.129e+00	318.02	-5.26437e+06	6.22896e+07	2.78686e+08
430	0.4300	28.637	-2027.254	-1998.617	-9.761e+01	5.134e+00	316.14	-3.46772e+06	6.24612e+07	2.99845e+08
431	0.4310	28.422	-2027.126	-1998.704	-9.769e+01	5.139e+00	314.07	4.17176e+05	6.28234e+07	3.25472e+08
432	0.4320	28.164	-2026.944	-1998.779	-9.777e+01	5.143e+00	311.70	7.25847e+06	6.37469e+07	3.56733e+08
433	0.4330	27.851	-2026.693	-1998.842	-9.783e+01	5.146e+00	308.94	1.73846e+07	6.55332e+07	3.93717e+08
434	0.4340	27.476	-2026.365	-1998.889	-9.788e+01	5.149e+00	305.72	3.00017e+07	6.81800e+07	4.34462e+08
435	0.4350	27.050	-2025.967	-1998.917	-9.791e+01	5.150e+00	302.15	4.30084e+07	7.12225e+07	4.74632e+08
436	0.4360	26.608	-2025.532	-1998.924	-9.791e+01	5.151e+00	298.55	5.36765e+07	7.38479e+07	5.08610e+08
437	0.4370	26.208	-2025.119	-1998.911	-9.790e+01	5.150e+00	295.44	6.00086e+07	7.52960e+07	5.31742e+08
438	0.4380	25.920	-2024.803	-1998.883	-9.787e+01	5.148e+00	293.39	6.19217e+07	7.53217e+07	5.42397e+08
439	0.4390	25.799	-2024.645	-1998.846	-9.784e+01	5.147e+00	292.77	6.14814e+07	7.44182e+07	5.42667e+08
440	0.4400	25.866	-2024.674	-1998.808	-9.780e+01	5.145e+00	293.65	6.04603e+07	7.30028e+07	5.34801e+08
441	0.4410	26.112	-2024.888	-1998.776	-9.777e+01	5.143e+00	295.85	5.90204e+07	7.08848e+07	5.19219e+08
442	0.4420	26.503	-2025.260	-1998.758	-9.775e+01	5.142e+00	299.00	5.72764e+07	6.78849e+07	4.96977e+08
443	0.4430	26.986	-2025.742	-1998.756	-9.775e+01	5.142e+00	302.65	5.53711e+07	6.39091e+07	4.69710e+08
444	0.4440	27.505	-2026.278	-1998.773	-9.776e+01	5.143e+00	306.32	5.34484e+07	5.89657e+07	4.39335e+08
445	0.4450	28.006	-2026.815	-1998.809	-9.780e+01	5.145e+00	309.62	5.16310e+07	5.31575e+07	4.07740e+08
446	0.4460	28.449	-2027.310	-1998.861	-9.785e+01	5.147e+00	312.29	5.00118e+07	4.66572e+07	3.76578e+08
447	0.4470	28.806	-2027.733	-1998.927	-9.792e+01	5.151e+00	314.18	4.86518e+07	3.96753e+07	3.47142e+08
448	0.4480	29.068	-2028.070	-1999.002	-9.799e+01	5.155e+00	315.28	4.75837e+07	3.24287e+07	3.20326e+08
449	0.4490	29.235	-2028.317	-1999.082	-9.807e+01	5.159e+00	315.66	4.68197e+07	2.51187e+07	2.96664e+08
450	0.4500	29.313	-2028.477	-1999.163	-9.815e+01	5.163e+00	315.44	4.63575e+07	1.79177e+07	2.76395e+08
451	0.4510	29.315	-2028.559	-1999.244	-9.823e+01	5.167e+00	314.76	4.61864e+07	1.09640e+07	2.59542e+08
452	0.4520	29.254	-2028.575	-1999.321	-9.831e+01	5.171e+00	313.75	4.62916e+07	4.36234e+06	2.45982e+08
453	0.4530	29.141	-2028.534	-1999.393	-9.838e+01	5.175e+00	312.54	4.66535e+07	-1.84310e+06	2.35478e+08
454	0.4540	28.987	-2028.446	-1999.458	-9.845e+01	5.179e+00	311.22	4.72471e+07	-7.67700e+06	2.27703e+08
455	0.4550	28.800	-2028.317	-1999.517	-9.851e+01	5.182e+00	309.85	4.80479e+07	-1.31723e+07	2.22315e+08
456	0.4560	28.583	-2028.152	-1999.569	-9.856e+01	5.185e+00	308.47	4.90331e+07	-1.83509e+07	2.18997e+08
457	0.4570	28.341	-2027.954	-1999.614	-9.860e+01	5.187e+00	307.10	5.06028e+07	-2.26906e+07	2.17606e+08
458	0.4580	28.071	-2027.722	-1999.652	-9.864e+01	5.189e+00	305.68	5.46037e+07	-2.37935e+07	2.18526e+08
459	0.4590	27.767	-2027.449	-1999.682	-9.867e+01	5.191e+00	304.08	6.24307e+07	-1.96638e+07	2.22050e+08
460	0.4600	27.424	-2027.128	-1999.704	-9.869e+01	5.192e+00	302.19	7.39191e+07	-1.01938e+07	2.27952e+08
461	0.4610	27.028	-2026.748	-1999.720	-9.871e+01	5.192e+00	299.91	8.72855e+07	7.14038e+05	2.29982e+08
462	0.4620	26.542	-2026.266	-1999.724	-9.871e+01	5.193e+00	297.07	1.00253e+08	6.57204e+06	2.17585e+08
463	0.4630	25.932	-2025.641	-1999.709	-9.870e+01	5.192e+00	293.65	1.11396e+08	6.27068e+06	1.93523e+08
464	0.4640	25.215	-2024.885	-1999.670	-9.866e+01	5.190e+00	289.98	1.20464e+08	3.71590e+06	1.70379e+08
465	0.4650	24.462	-2024.073	-1999.610	-9.860e+01	5.187e+00	286.72	1.27559e+08	3.80873e+06	1.59557e+08
466	0.4660	23.758	-2023.293	-1999.535	-9.852e+01	5.183e+00	284.49	1.32923e+08	8.74973e+06	1.64325e+08
467	0.4670	23.164	-2022.614	-1999.451	-9.844e+01	5.178e+00	283.66	1.36683e+08	1.77822e+07	1.81096e+08
468	0.4680	22.706	-2022.070	-1999.364	-9.835e+01	5.174e+00	284.32	1.38799e+08	2.87138e+07	2.04033e+08
469	0.4690	22.387	-2021.668	-1999.281	-9.827e+01	5.169e+00	286.33	1.39041e+08	3.91832e+07	2.28196e+08
470	0.4700	22.196	-2021.405	-1999.210	-9.820e+01	5.166e+00	289.47	1.36996e+08	4.71241e+07	2.50419e+08
471	0.4710	22.116	-2021.271	-1999.155	-9.814e+01	5.163e+00	293.46	1.32137e+08	5.08187e+07	2.69034e+08
472	0.4720	22.126	-2021.248	-1999.122	-9.811e+01	5.161e+00	297.94	1.24033e+08	4.90093e+07	2.83375e+08
473	0.4730	22.202	-2021.314	-1999.113	-9.810e+01	5.161e+00	302.52	1.12739e+08	4.13248e+07	2.93429e+08
474	0.4740	22.318	-2021.446	-1999.128	-9.812e+01	5.161e+00	306.80	9.93010e+07	2.89927e+07	2.99668e+08
475	0.4750	22.454	-2021.619	-1999.164	-9.815e+01	5.163e+00	310.48	8.60163e+07	1.53183e+07	3.02930e+08
476	0.4760	22.598	-2021.818	-1999.220	-9.821e+01	5.166e+00	313.43	7.57848e+07	4.83365e+06	3.04285e+08
477	0.4770	22.747	-2022.037	-1999.290	-9.828e+01	5.170e+00	315.75	7.03425e+07	6.04717e+05	3.04600e+08
478	0.4780	22.902	-2022.276	-1999.373	-9.836e+01	5.174e+00	317.61	6.89734e+07	1.99577e+06	3.04103e+08
479	0.4790	23.062	-2022.529	-1999.467	-9.846e+01	5.179e+00	319.13	6.91814e+07	5.39048e+06	3.02472e+08
480	0.4800	23.217	-2022.786	-1999.569	-9.856e+01	5.185e+00	320.30	6.94936e+07	8.57504e+06	2.99629e+08
481	0.4810	23.359	-2023.035	-1999.676	-9.867e+01	5.190e+00	321.09	6.98669e+07	1.15742e+07	2.95889e+08
482	0.4820	23.479	-2023.267	-1999.788	-9.878e+01	5.196e+00	321.48	7.02966e+07	1.44864e+07	2.91561e+08
483	0.4830	23.571	-2023.473	-1999.902	-9.889e+01	5.202e+00	321.47	7.07611e+07	1.73963e+07	2.86926e+08
484	0.4840	23.632	-2023.648	-2000.015	-9.900e+01	5.208e+00	321.07	7.12052e+07	2.03655e+07	2.82187e+08
485	0.4850	23.661	-2023.787	-2000.126	-9.912e+01	5.214e+00	320.29	7.15445e+07	2.34325e+07	2.77458e+08
486	0.4860	23.657	-2023.891	-2000.233	-9.922e+01	5.219e+00	319.19	7.16848e+07	2.65665e+07	2.72737e+08
487	0.4870	23.625	-2023.959	-2000.334	-9.932e+01	5.225e+00	317.80	7.15302e+07	2.96520e+07	2.67898e+08
488	0.4880	23.568	-2023.995	-2000.428	-9.942e+01	5.230e+00	316.18	7.09926e+07	3.25567e+07	2.62816e+08
489	0.4890	23.491	-2024.004	-2000.513	-9.950e+01	5.234e+00	314.41	6.99998e+07	3.51427e+07	2.57381e+08
490	0.4900	23.401	-2023.989	-2000.588	-9.958e+01	5.238e+00	312.54	6.85019e+07	3.72734e+07	2.51511e+08
491	0.4910	23.304	-2023.958	-2000.654	-9.964e+01	5.242e+00	310.63	6.64769e+07	3.88205e+07	2.45163e+08
492	0.4920	23.205	-2023.915	-2000.710	-9.970e+01	5.245e+00	308.74	6.39348e+07	3.96714e+07	2.38333e+08
493	0.4930	23.111	-2023.866	-2000.755	-9.975e+01	5.247e+00	306.92	6.09194e+07	3.97367e+07	2.31066e+08
494	0.4940	23.024	-2023.816	-2000.792	-9.978e+01	5.249e+00	305.20	5.75074e+07	3.89564e+07	2.23448e+08
495	0.4950	22.947	-2023.766	-2000.819	-9.981e+01	5.250e+00	303.60	5.38037e+07	3.73059e+07	2.15611e+08
496	0.4960	22.882	-2023.720	-2000.838	-9.983e+01	5.251e+00	302.12	4.99338e+07	3.47962e+07	2.07716e+08
497	0.4970	22.827	-2023.677	-2000.849	-9.984e+01	5.252e+00	300.77	4.60293e+07	3.14691e+07	1.99928e+08
498	0.4980	22.781	-2023.635	-2000.854	-9.984e+01	5.252e+00	299.52	4.22203e+07	2.74046e+07	1.92430e+08
499	0.4990	22.742	-2023.593	-2000.851	-9.984e+01	5.252e+00	298.36	3.86224e+07	2.27167e+07	1.85412e+08
500	0.5000	22.705	-2023.548	-2000.843	-9.983e+01	5.252e+00	297.26	3.53260e+07	1.75453e+07	1.79051e+08
# Thank you for using md series 2.
