#ion=18
# debug series 2 (c) 1999 cameron abrams & regents of uc berkeley
# Data sizes:
#  atoms:	104	x	2000			= 208000
# nNodes:	24	x	2000	x	20	= 960000
# cNodes:	24	x	100			= 2400
# total: 1170400
#introducing ion
#new atom 506
#new atom 507
#new atom 508
#new atom 509
#Notice: clust requires a setforce().
# cluster 0: Si_506  -0.41404
# cluster 1: F_3 C_1  15.97837
# warning: pe of current cfg already set
#t	time	KE	PE		E		Edrift		%Edrift		T	sig_xx		sig_yy		sig_zz
#[#]	[ps]	[eV]	[eV]		[eV]		[eV]		[%]		[K]	[Pa]		[Pa]		[Pa]
0	0.0000	115.466	-2016.476	-1901.010	0.000e+00	0.000e+00	293.00	-8.72568e+07	4.82408e+07	3.54446e+08
1	0.0010	115.570	-2016.580	-1901.010	3.104e-04	1.633e-05	292.87	-8.62709e+07	5.12854e+07	3.59465e+08
2	0.0020	115.788	-2016.797	-1901.009	9.819e-04	5.165e-05	292.71	-8.44082e+07	5.62253e+07	3.67419e+08
3	0.0030	116.132	-2017.140	-1901.008	2.104e-03	1.107e-04	292.55	-8.15179e+07	6.33022e+07	3.78668e+08
4	0.0040	116.620	-2017.626	-1901.007	3.761e-03	1.979e-04	292.36	-7.74402e+07	7.27838e+07	3.93602e+08
5	0.0050	117.277	-2018.282	-1901.004	5.917e-03	3.112e-04	292.15	-7.20970e+07	8.47496e+07	4.12346e+08
6	0.0060	118.138	-2019.140	-1901.002	8.154e-03	4.289e-04	291.91	-6.56672e+07	9.86614e+07	4.34153e+08
7	0.0070	119.238	-2020.239	-1901.001	9.118e-03	4.796e-04	291.63	-5.89282e+07	1.12539e+08	4.56233e+08
8	0.0080	120.591	-2021.596	-1901.005	5.616e-03	2.954e-04	291.32	-5.38331e+07	1.21563e+08	4.71788e+08
9	0.0090	122.153	-2023.170	-1901.018	-7.538e-03	3.965e-04	290.97	-5.41259e+07	1.16589e+08	4.67908e+08
10	0.0100	123.752	-2024.794	-1901.043	-3.240e-02	1.704e-03	290.56	-6.46597e+07	8.58086e+07	4.27924e+08
11	0.0110	125.092	-2026.157	-1901.066	-5.536e-02	2.912e-03	290.09	-8.68185e+07	2.59025e+07	3.47134e+08
12	0.0120	125.910	-2026.973	-1901.064	-5.322e-02	2.800e-03	289.57	-1.12647e+08	-4.36759e+07	2.52963e+08
13	0.0130	126.197	-2027.237	-1901.040	-2.988e-02	1.572e-03	288.98	-1.29964e+08	-9.31422e+07	1.87405e+08
14	0.0140	126.169	-2027.190	-1901.021	-1.062e-02	5.585e-04	288.32	-1.35168e+08	-1.13561e+08	1.63036e+08
15	0.0150	126.033	-2027.050	-1901.017	-6.783e-03	3.568e-04	287.60	-1.34228e+08	-1.19268e+08	1.59597e+08
16	0.0160	125.866	-2026.883	-1901.017	-6.514e-03	3.426e-04	286.82	-1.32734e+08	-1.23659e+08	1.58148e+08
17	0.0170	125.677	-2026.694	-1901.017	-6.259e-03	3.293e-04	285.97	-1.31260e+08	-1.27940e+08	1.56948e+08
18	0.0180	125.469	-2026.486	-1901.016	-6.021e-03	3.167e-04	285.07	-1.29883e+08	-1.32120e+08	1.55947e+08
19	0.0190	125.246	-2026.262	-1901.016	-5.800e-03	3.051e-04	284.13	-1.28664e+08	-1.36203e+08	1.55100e+08
20	0.0200	125.009	-2026.025	-1901.016	-5.596e-03	2.944e-04	283.14	-1.27646e+08	-1.40185e+08	1.54365e+08
21	0.0210	124.762	-2025.778	-1901.016	-5.410e-03	2.846e-04	282.14	-1.26852e+08	-1.44059e+08	1.53710e+08
22	0.0220	124.508	-2025.523	-1901.016	-5.241e-03	2.757e-04	281.11	-1.26288e+08	-1.47807e+08	1.53107e+08
23	0.0230	124.248	-2025.263	-1901.015	-5.089e-03	2.677e-04	280.08	-1.25945e+08	-1.51404e+08	1.52536e+08
24	0.0240	123.984	-2024.999	-1901.015	-4.953e-03	2.606e-04	279.06	-1.25801e+08	-1.54822e+08	1.51980e+08
25	0.0250	123.719	-2024.734	-1901.015	-4.832e-03	2.542e-04	278.04	-1.25827e+08	-1.58026e+08	1.51425e+08
26	0.0260	123.454	-2024.469	-1901.015	-4.724e-03	2.485e-04	277.05	-1.25988e+08	-1.60981e+08	1.50863e+08
27	0.0270	123.190	-2024.205	-1901.015	-4.628e-03	2.434e-04	276.09	-1.26250e+08	-1.63649e+08	1.50284e+08
28	0.0280	122.929	-2023.944	-1901.015	-4.543e-03	2.390e-04	275.16	-1.26580e+08	-1.65995e+08	1.49681e+08
29	0.0290	122.671	-2023.686	-1901.015	-4.471e-03	2.352e-04	274.28	-1.26947e+08	-1.67985e+08	1.49047e+08
30	0.0300	122.415	-2023.431	-1901.016	-6.108e-03	3.213e-04	273.46	-1.27812e+08	-1.70775e+08	1.46703e+08
31	0.0310	122.140	-2023.160	-1901.020	-9.549e-03	5.023e-04	272.69	-1.30802e+08	-1.78343e+08	1.37003e+08
32	0.0320	121.811	-2022.834	-1901.023	-1.283e-02	6.752e-04	271.99	-1.36762e+08	-1.92758e+08	1.17003e+08
33	0.0330	121.394	-2022.418	-1901.024	-1.404e-02	7.386e-04	271.35	-1.45035e+08	-2.12421e+08	8.89503e+07
34	0.0340	120.878	-2021.901	-1901.023	-1.280e-02	6.735e-04	270.79	-1.53903e+08	-2.33135e+08	5.87684e+07
35	0.0350	120.279	-2021.300	-1901.021	-1.064e-02	5.598e-04	270.30	-1.61963e+08	-2.51462e+08	3.13190e+07
36	0.0360	119.624	-2020.644	-1901.020	-9.175e-03	4.826e-04	269.89	-1.69133e+08	-2.67167e+08	6.95008e+06
37	0.0370	118.935	-2019.954	-1901.019	-8.527e-03	4.485e-04	269.55	-1.76224e+08	-2.82177e+08	-1.70318e+07
38	0.0380	118.226	-2019.244	-1901.018	-7.569e-03	3.982e-04	269.29	-1.83635e+08	-2.97416e+08	-4.19026e+07
39	0.0390	117.518	-2018.534	-1901.016	-5.384e-03	2.832e-04	269.09	-1.90481e+08	-3.10683e+08	-6.45263e+07
40	0.0400	116.850	-2017.860	-1901.010	2.260e-04	1.189e-05	268.96	-1.92862e+08	-3.12460e+08	-7.14377e+07
41	0.0410	116.261	-2017.270	-1901.009	1.079e-03	5.673e-05	268.88	-1.91914e+08	-3.05493e+08	-6.64733e+07
42	0.0420	115.767	-2016.776	-1901.009	1.066e-03	5.607e-05	268.85	-1.89607e+08	-2.94595e+08	-5.63815e+07
43	0.0430	115.364	-2016.373	-1901.010	5.628e-04	2.961e-05	268.87	-1.86713e+08	-2.81683e+08	-4.38188e+07
44	0.0440	115.042	-2016.053	-1901.010	-1.358e-04	7.144e-06	268.91	-1.83794e+08	-2.68210e+08	-3.07807e+07
45	0.0450	114.791	-2015.802	-1901.011	-8.471e-04	4.456e-05	268.98	-1.81200e+08	-2.55136e+08	-1.85683e+07
46	0.0460	114.598	-2015.609	-1901.012	-1.478e-03	7.774e-05	269.07	-1.79104e+08	-2.43023e+08	-7.93052e+06
47	0.0470	114.453	-2015.465	-1901.012	-1.992e-03	1.048e-04	269.17	-1.77563e+08	-2.32172e+08	7.61709e+05
48	0.0480	114.348	-2015.360	-1901.013	-2.381e-03	1.253e-04	269.27	-1.76565e+08	-2.22722e+08	7.36663e+06
49	0.0490	114.276	-2015.289	-1901.013	-2.654e-03	1.396e-04	269.37	-1.76066e+08	-2.14728e+08	1.18637e+07
50	0.0500	114.234	-2015.247	-1901.013	-2.819e-03	1.483e-04	269.47	-1.76019e+08	-2.08216e+08	1.42823e+07
51	0.0510	114.218	-2015.231	-1901.013	-2.886e-03	1.518e-04	269.57	-1.76387e+08	-2.03201e+08	1.46574e+07
52	0.0520	114.228	-2015.241	-1901.013	-2.859e-03	1.504e-04	269.67	-1.77153e+08	-1.99712e+08	1.30061e+07
53	0.0530	114.263	-2015.276	-1901.013	-2.740e-03	1.441e-04	269.78	-1.78327e+08	-1.97794e+08	9.31774e+06
54	0.0540	114.325	-2015.338	-1901.013	-2.524e-03	1.327e-04	269.89	-1.79942e+08	-1.97505e+08	3.55722e+06
55	0.0550	114.419	-2015.431	-1901.013	-2.202e-03	1.159e-04	270.00	-1.82045e+08	-1.98904e+08	-4.32024e+06
56	0.0560	114.548	-2015.561	-1901.012	-1.768e-03	9.302e-05	270.14	-1.84693e+08	-2.02033e+08	-1.43383e+07
57	0.0570	114.721	-2015.732	-1901.012	-1.218e-03	6.408e-05	270.28	-1.87925e+08	-2.06872e+08	-2.64472e+07
58	0.0580	114.945	-2015.956	-1901.011	-5.657e-04	2.976e-05	270.45	-1.91743e+08	-2.13289e+08	-4.04420e+07
59	0.0590	115.232	-2016.242	-1901.010	1.383e-04	7.277e-06	270.64	-1.96069e+08	-2.20949e+08	-5.58393e+07
60	0.0600	115.592	-2016.602	-1901.010	7.767e-04	4.086e-05	270.85	-2.00695e+08	-2.29202e+08	-7.17165e+07
61	0.0610	116.037	-2017.046	-1901.009	1.132e-03	5.957e-05	271.09	-2.05235e+08	-2.36966e+08	-8.65436e+07
62	0.0620	116.575	-2017.584	-1901.009	8.778e-04	4.618e-05	271.36	-2.09089e+08	-2.42647e+08	-9.80790e+07
63	0.0630	117.203	-2018.214	-1901.011	-3.601e-04	1.894e-05	271.66	-2.11469e+08	-2.44230e+08	-1.03494e+08
64	0.0640	117.899	-2018.916	-1901.017	-6.523e-03	3.431e-04	271.99	-2.09384e+08	-2.34378e+08	-9.24547e+07
65	0.0650	118.618	-2019.636	-1901.019	-8.299e-03	4.365e-04	272.34	-2.04647e+08	-2.17451e+08	-7.11435e+07
66	0.0660	119.327	-2020.346	-1901.019	-9.023e-03	4.746e-04	272.73	-2.00019e+08	-2.00124e+08	-4.90124e+07
67	0.0670	120.010	-2021.030	-1901.020	-9.867e-03	5.191e-04	273.15	-1.95962e+08	-1.83492e+08	-2.76481e+07
68	0.0680	120.649	-2021.671	-1901.022	-1.167e-02	6.140e-04	273.59	-1.91810e+08	-1.65926e+08	-4.79583e+06
69	0.0690	121.221	-2022.245	-1901.024	-1.375e-02	7.235e-04	274.06	-1.86926e+08	-1.45909e+08	2.16796e+07
70	0.0700	121.700	-2022.725	-1901.025	-1.429e-02	7.516e-04	274.55	-1.81847e+08	-1.24803e+08	4.98572e+07
71	0.0710	122.078	-2023.101	-1901.023	-1.225e-02	6.445e-04	275.06	-1.78225e+08	-1.06698e+08	7.39648e+07
72	0.0720	122.374	-2023.393	-1901.019	-8.669e-03	4.560e-04	275.58	-1.77509e+08	-9.52219e+07	8.88772e+07
73	0.0730	122.626	-2023.642	-1901.016	-5.629e-03	2.961e-04	276.12	-1.79793e+08	-9.07216e+07	9.40957e+07
74	0.0740	122.866	-2023.881	-1901.015	-4.853e-03	2.553e-04	276.66	-1.83731e+08	-9.00712e+07	9.40172e+07
75	0.0750	123.106	-2024.122	-1901.015	-4.917e-03	2.586e-04	277.21	-1.87837e+08	-8.98065e+07	9.35145e+07
76	0.0760	123.348	-2024.363	-1901.015	-4.988e-03	2.624e-04	277.76	-1.91860e+08	-8.94847e+07	9.31964e+07
77	0.0770	123.590	-2024.605	-1901.015	-5.067e-03	2.665e-04	278.31	-1.95725e+08	-8.90786e+07	9.30841e+07
78	0.0780	123.832	-2024.847	-1901.015	-5.155e-03	2.711e-04	278.86	-1.99357e+08	-8.85610e+07	9.31998e+07
79	0.0790	124.071	-2025.087	-1901.016	-5.253e-03	2.763e-04	279.40	-2.02688e+08	-8.79049e+07	9.35658e+07
80	0.0800	124.308	-2025.324	-1901.016	-5.363e-03	2.821e-04	279.94	-2.05661e+08	-8.70853e+07	9.42042e+07
81	0.0810	124.540	-2025.556	-1901.016	-5.488e-03	2.887e-04	280.47	-2.08228e+08	-8.60789e+07	9.51365e+07
82	0.0820	124.767	-2025.783	-1901.016	-5.628e-03	2.960e-04	281.00	-2.10350e+08	-8.48646e+07	9.63840e+07
83	0.0830	124.985	-2026.001	-1901.016	-5.785e-03	3.043e-04	281.52	-2.11999e+08	-8.34237e+07	9.79675e+07
84	0.0840	125.194	-2026.210	-1901.016	-5.961e-03	3.136e-04	282.04	-2.13156e+08	-8.17419e+07	9.99081e+07
85	0.0850	125.390	-2026.407	-1901.016	-6.158e-03	3.239e-04	282.55	-2.13822e+08	-7.98127e+07	1.02226e+08
86	0.0860	125.573	-2026.589	-1901.017	-6.376e-03	3.354e-04	283.05	-2.14003e+08	-7.76327e+07	1.04941e+08
87	0.0870	125.738	-2026.755	-1901.017	-6.618e-03	3.481e-04	283.55	-2.13715e+08	-7.52018e+07	1.08073e+08
88	0.0880	125.882	-2026.899	-1901.017	-6.884e-03	3.621e-04	284.05	-2.12978e+08	-7.25204e+07	1.11647e+08
89	0.0890	125.986	-2027.012	-1901.026	-1.569e-02	8.256e-04	284.54	-2.10247e+08	-6.57787e+07	1.21067e+08
90	0.0900	125.930	-2026.979	-1901.049	-3.869e-02	2.035e-03	285.03	-1.98592e+08	-3.80683e+07	1.60214e+08
91	0.0910	125.468	-2026.541	-1901.073	-6.264e-02	3.295e-03	285.52	-1.73800e+08	2.35581e+07	2.45703e+08
92	0.0920	124.384	-2025.456	-1901.072	-6.186e-02	3.254e-03	286.05	-1.41708e+08	1.11389e+08	3.60367e+08
93	0.0930	122.718	-2023.763	-1901.045	-3.507e-02	1.845e-03	286.69	-1.15699e+08	1.90955e+08	4.52532e+08
94	0.0940	120.746	-2021.771	-1901.025	-1.510e-02	7.942e-04	287.58	-1.02618e+08	2.34736e+08	4.98578e+08
95	0.0950	118.725	-2019.738	-1901.013	-2.592e-03	1.363e-04	288.76	-9.99464e+07	2.39833e+08	5.14723e+08
96	0.0960	116.820	-2017.818	-1900.998	1.213e-02	6.382e-04	290.09	-1.04890e+08	2.14227e+08	4.98374e+08
97	0.0970	115.170	-2016.160	-1900.991	1.976e-02	1.040e-03	291.38	-1.13859e+08	1.76086e+08	4.55745e+08
98	0.0980	113.849	-2014.842	-1900.993	1.715e-02	9.021e-04	292.49	-1.22545e+08	1.42505e+08	4.10355e+08
99	0.0990	112.836	-2013.836	-1901.000	1.020e-02	5.364e-04	293.40	-1.28512e+08	1.19881e+08	3.78424e+08
100	0.1000	112.057	-2013.064	-1901.007	3.597e-03	1.892e-04	294.17	-1.31419e+08	1.07061e+08	3.62449e+08
101	0.1010	111.435	-2012.447	-1901.012	-1.255e-03	6.602e-05	294.87	-1.31818e+08	1.01112e+08	3.58810e+08
102	0.1020	110.916	-2011.929	-1901.014	-3.387e-03	1.781e-04	295.55	-1.30447e+08	9.97549e+07	3.62663e+08
103	0.1030	110.467	-2011.482	-1901.015	-4.443e-03	2.337e-04	296.26	-1.28001e+08	1.01303e+08	3.69575e+08
104	0.1040	110.076	-2011.092	-1901.016	-5.427e-03	2.855e-04	297.01	-1.24685e+08	1.05211e+08	3.78353e+08
105	0.1050	109.730	-2010.747	-1901.017	-6.475e-03	3.406e-04	297.84	-1.20561e+08	1.11288e+08	3.88448e+08
106	0.1060	109.417	-2010.435	-1901.018	-7.670e-03	4.034e-04	298.80	-1.15595e+08	1.19553e+08	3.99520e+08
107	0.1070	109.123	-2010.143	-1901.019	-8.990e-03	4.729e-04	299.94	-1.09655e+08	1.30270e+08	4.11411e+08
108	0.1080	108.833	-2009.853	-1901.021	-1.028e-02	5.409e-04	301.35	-1.02543e+08	1.43845e+08	4.24040e+08
109	0.1090	108.533	-2009.554	-1901.022	-1.128e-02	5.932e-04	303.18	-9.40257e+07	1.60715e+08	4.37328e+08
110	0.1100	108.215	-2009.237	-1901.022	-1.159e-02	6.099e-04	305.60	-8.39028e+07	1.81198e+08	4.51129e+08
111	0.1110	107.881	-2008.902	-1901.021	-1.082e-02	5.691e-04	308.88	-7.21070e+07	2.05247e+08	4.65188e+08
112	0.1120	107.549	-2008.568	-1901.019	-8.810e-03	4.635e-04	313.35	-5.88470e+07	2.32169e+08	4.79251e+08
113	0.1130	107.256	-2008.271	-1901.016	-5.615e-03	2.954e-04	319.46	-4.47190e+07	2.60760e+08	4.93907e+08
114	0.1140	107.059	-2008.069	-1901.010	4.159e-04	2.188e-05	327.65	-3.12539e+07	2.85899e+08	5.06087e+08
115	0.1150	107.054	-2008.054	-1901.000	1.051e-02	5.526e-04	338.22	-2.13977e+07	2.94637e+08	5.04188e+08
116	0.1160	107.376	-2008.362	-1900.986	2.475e-02	1.302e-03	350.93	-1.91027e+07	2.69497e+08	4.65153e+08
117	0.1170	108.191	-2009.164	-1900.973	3.700e-02	1.947e-03	364.64	-2.65793e+07	2.03990e+08	3.73590e+08
118	0.1180	109.621	-2010.601	-1900.981	2.982e-02	1.569e-03	377.93	-3.96613e+07	1.25056e+08	2.65319e+08
119	0.1190	111.495	-2012.549	-1901.054	-4.332e-02	2.279e-03	391.30	-4.28096e+07	1.18809e+08	2.83146e+08
120	0.1200	113.112	-2014.188	-1901.076	-6.580e-02	3.461e-03	409.57	-2.07568e+07	2.46587e+08	5.61487e+08
121	0.1210	114.521	-2015.613	-1901.092	-8.159e-02	4.292e-03	431.82	-2.49055e+07	2.24185e+08	5.26848e+08
122	0.1220	116.121	-2017.229	-1901.108	-9.783e-02	5.146e-03	452.49	-3.27484e+07	2.01839e+08	4.91572e+08
123	0.1230	117.702	-2018.821	-1901.119	-1.087e-01	5.720e-03	470.74	-4.56212e+07	1.72739e+08	4.51914e+08
124	0.1240	119.115	-2020.236	-1901.121	-1.110e-01	5.836e-03	485.97	-6.09644e+07	1.39292e+08	4.14439e+08
125	0.1250	120.304	-2021.422	-1901.117	-1.070e-01	5.630e-03	497.97	-7.51380e+07	1.07131e+08	3.88613e+08
126	0.1260	121.291	-2022.405	-1901.114	-1.032e-01	5.430e-03	506.79	-8.64774e+07	7.95675e+07	3.76106e+08
127	0.1270	122.098	-2023.215	-1901.117	-1.066e-01	5.610e-03	512.78	-9.21618e+07	6.14818e+07	3.71854e+08
128	0.1280	122.692	-2023.815	-1901.123	-1.129e-01	5.941e-03	516.51	-8.13804e+07	6.69127e+07	3.75622e+08
129	0.1290	123.021	-2024.143	-1901.122	-1.115e-01	5.866e-03	518.64	-5.32098e+07	9.26747e+07	3.84905e+08
130	0.1300	123.131	-2024.238	-1901.107	-9.629e-02	5.065e-03	519.75	-2.41866e+07	1.15156e+08	3.97505e+08
131	0.1310	123.167	-2024.270	-1901.103	-9.224e-02	4.852e-03	520.23	-9.41955e+06	1.15968e+08	4.11929e+08
132	0.1320	123.146	-2024.272	-1901.127	-1.163e-01	6.117e-03	520.22	-5.83481e+06	9.11910e+07	4.43904e+08
133	0.1330	122.865	-2024.007	-1901.142	-1.312e-01	6.901e-03	519.56	-2.80834e+06	4.15356e+07	4.94954e+08
134	0.1340	122.214	-2023.331	-1901.117	-1.071e-01	5.633e-03	518.05	4.13992e+06	-1.05706e+07	5.20160e+08
135	0.1350	121.412	-2022.502	-1901.090	-7.980e-02	4.198e-03	516.61	1.08036e+07	-3.18333e+07	4.82164e+08
136	0.1360	120.517	-2021.661	-1901.144	-1.337e-01	7.033e-03	514.80	-1.90714e+07	-5.60394e+07	4.29579e+08
137	0.1370	119.777	-2020.788	-1901.011	-5.535e-04	2.912e-05	511.18	-3.54102e+07	-7.28222e+07	3.17690e+08
138	0.1380	119.824	-2020.858	-1901.034	-2.354e-02	1.238e-03	506.89	-1.20730e+07	-4.45780e+07	2.41656e+08
139	0.1390	120.518	-2021.662	-1901.143	-1.328e-01	6.984e-03	503.20	-1.08912e+07	-2.54186e+07	2.32056e+08
140	0.1400	121.084	-2022.211	-1901.127	-1.167e-01	6.141e-03	499.43	-4.63631e+07	-3.75476e+07	2.32433e+08
141	0.1410	121.357	-2022.460	-1901.103	-9.228e-02	4.854e-03	495.43	-5.57635e+07	-3.26814e+07	2.31698e+08
142	0.1420	121.599	-2022.703	-1901.104	-9.402e-02	4.946e-03	491.71	-5.87946e+07	-2.44983e+07	2.34722e+08
143	0.1430	121.829	-2022.935	-1901.106	-9.571e-02	5.035e-03	488.34	-6.03933e+07	-1.56798e+07	2.40093e+08
144	0.1440	122.027	-2023.134	-1901.108	-9.745e-02	5.126e-03	485.28	-6.17096e+07	-6.45530e+06	2.47197e+08
145	0.1450	122.170	-2023.280	-1901.109	-9.911e-02	5.213e-03	482.49	-6.41181e+07	3.19242e+06	2.55351e+08
146	0.1460	122.241	-2023.352	-1901.111	-1.003e-01	5.274e-03	479.92	-6.82912e+07	1.35825e+07	2.64051e+08
147	0.1470	122.230	-2023.339	-1901.109	-9.841e-02	5.177e-03	477.53	-6.68648e+07	2.93652e+07	2.73654e+08
148	0.1480	122.162	-2023.265	-1901.103	-9.310e-02	4.897e-03	475.32	-4.92740e+07	5.81569e+07	2.85519e+08
149	0.1490	122.080	-2023.185	-1901.104	-9.389e-02	4.939e-03	473.39	-1.82719e+07	9.52983e+07	3.00573e+08
150	0.1500	121.967	-2023.083	-1901.116	-1.057e-01	5.558e-03	471.90	1.45581e+07	1.22096e+08	3.19671e+08
151	0.1510	121.724	-2022.846	-1901.122	-1.118e-01	5.880e-03	471.17	4.40407e+07	1.31668e+08	3.42978e+08
152	0.1520	121.303	-2022.416	-1901.113	-1.025e-01	5.394e-03	471.53	7.37798e+07	1.40274e+08	3.68849e+08
153	0.1530	120.689	-2021.842	-1901.153	-1.424e-01	7.491e-03	473.27	1.00005e+08	1.64280e+08	4.15767e+08
154	0.1540	119.589	-2020.751	-1901.161	-1.511e-01	7.949e-03	476.49	1.12869e+08	2.14540e+08	5.20551e+08
155	0.1550	118.105	-2019.175	-1901.070	-5.933e-02	3.121e-03	481.41	1.00013e+08	2.39326e+08	5.48845e+08
156	0.1560	116.909	-2017.969	-1901.060	-4.939e-02	2.598e-03	488.09	7.92789e+07	2.35902e+08	5.13120e+08
157	0.1570	116.247	-2017.329	-1901.081	-7.107e-02	3.739e-03	496.24	6.44474e+07	2.27239e+08	4.90557e+08
158	0.1580	115.933	-2017.032	-1901.099	-8.901e-02	4.682e-03	505.76	5.65600e+07	2.18041e+08	4.91768e+08
159	0.1590	115.735	-2016.858	-1901.123	-1.125e-01	5.916e-03	516.61	5.29635e+07	2.10131e+08	5.17394e+08
160	0.1600	115.395	-2016.533	-1901.138	-1.274e-01	6.702e-03	528.85	5.21864e+07	2.11826e+08	5.90696e+08
161	0.1610	114.865	-2015.963	-1901.098	-8.772e-02	4.614e-03	542.47	5.87749e+07	2.02080e+08	6.24570e+08
162	0.1620	114.416	-2015.502	-1901.086	-7.581e-02	3.988e-03	557.11	7.29772e+07	1.77327e+08	5.93331e+08
163	0.1630	114.216	-2015.309	-1901.093	-8.249e-02	4.340e-03	572.26	8.84166e+07	1.57080e+08	5.58110e+08
164	0.1640	114.220	-2015.321	-1901.100	-9.009e-02	4.739e-03	587.63	1.01245e+08	1.45789e+08	5.38000e+08
165	0.1650	114.340	-2015.445	-1901.106	-9.519e-02	5.007e-03	602.86	1.10362e+08	1.39800e+08	5.29450e+08
166	0.1660	114.488	-2015.609	-1901.121	-1.106e-01	5.819e-03	617.36	1.18584e+08	1.35262e+08	5.28550e+08
167	0.1670	114.479	-2015.614	-1901.135	-1.248e-01	6.563e-03	630.48	1.38617e+08	1.29354e+08	5.43982e+08
168	0.1680	114.279	-2015.378	-1901.099	-8.915e-02	4.690e-03	641.81	1.47682e+08	1.21847e+08	5.37688e+08
169	0.1690	114.085	-2015.188	-1901.104	-9.331e-02	4.908e-03	651.32	1.49309e+08	1.16674e+08	5.16520e+08
170	0.1700	113.930	-2015.042	-1901.112	-1.015e-01	5.338e-03	659.09	1.59820e+08	1.16623e+08	5.06113e+08
171	0.1710	113.726	-2014.846	-1901.121	-1.103e-01	5.800e-03	665.27	1.77053e+08	1.18149e+08	5.04317e+08
172	0.1720	113.344	-2014.483	-1901.139	-1.290e-01	6.787e-03	669.96	1.98156e+08	1.06362e+08	5.10545e+08
173	0.1730	112.628	-2013.769	-1901.141	-1.304e-01	6.858e-03	673.33	2.26160e+08	8.96575e+07	5.25613e+08
174	0.1740	111.524	-2012.666	-1901.141	-1.312e-01	6.899e-03	675.95	2.65004e+08	8.59429e+07	5.48722e+08
175	0.1750	110.014	-2011.163	-1901.149	-1.390e-01	7.311e-03	678.55	3.08420e+08	8.37011e+07	5.72313e+08
176	0.1760	108.030	-2009.190	-1901.159	-1.490e-01	7.838e-03	681.99	3.55589e+08	7.85519e+07	5.96231e+08
177	0.1770	105.489	-2006.661	-1901.172	-1.614e-01	8.490e-03	687.70	4.11415e+08	7.24836e+07	6.31223e+08
178	0.1780	102.327	-2003.507	-1901.180	-1.701e-01	8.947e-03	698.16	4.82994e+08	6.99748e+07	6.92623e+08
179	0.1790	98.598	-1999.767	-1901.169	-1.589e-01	8.359e-03	717.21	5.72463e+08	7.39322e+07	7.84276e+08
180	0.1800	94.655	-1995.778	-1901.123	-1.128e-01	5.932e-03	749.91	6.69034e+08	8.10271e+07	8.85527e+08
181	0.1810	91.264	-1992.321	-1901.057	-4.639e-02	2.440e-03	801.43	7.51214e+08	8.44480e+07	9.64316e+08
182	0.1820	89.371	-1990.386	-1901.015	-4.826e-03	2.539e-04	874.64	8.00964e+08	8.28466e+07	1.00662e+09
183	0.1830	89.569	-1990.592	-1901.023	-1.278e-02	6.724e-04	967.32	8.11665e+08	8.11529e+07	1.01888e+09
184	0.1840	91.771	-1992.836	-1901.065	-5.419e-02	2.851e-03	1071.73	7.89582e+08	8.17150e+07	1.00554e+09
185	0.1850	95.346	-1996.462	-1901.116	-1.058e-01	5.567e-03	1177.80	7.53452e+08	8.52917e+07	9.74867e+08
186	0.1860	99.440	-2000.610	-1901.170	-1.594e-01	8.386e-03	1276.02	6.92078e+08	8.94506e+07	9.33358e+08
187	0.1870	103.210	-2004.423	-1901.213	-2.028e-01	1.067e-02	1357.84	5.86933e+08	8.76664e+07	8.83258e+08
188	0.1880	106.016	-2007.237	-1901.220	-2.101e-01	1.105e-02	1418.13	4.84970e+08	6.16965e+07	8.23636e+08
189	0.1890	107.673	-2008.860	-1901.187	-1.764e-01	9.281e-03	1458.28	4.29376e+08	3.10873e+07	7.69822e+08
190	0.1900	108.467	-2009.608	-1901.141	-1.306e-01	6.873e-03	1483.55	3.82041e+08	3.78205e+07	7.46004e+08
191	0.1910	108.842	-2009.958	-1901.116	-1.052e-01	5.534e-03	1498.72	3.34980e+08	8.64111e+07	7.59017e+08
192	0.1920	109.071	-2010.188	-1901.116	-1.059e-01	5.572e-03	1506.91	3.00036e+08	1.41197e+08	7.91726e+08
193	0.1930	109.179	-2010.302	-1901.123	-1.129e-01	5.937e-03	1509.91	2.77828e+08	1.74502e+08	8.27286e+08
194	0.1940	109.113	-2010.233	-1901.121	-1.102e-01	5.796e-03	1508.99	2.61608e+08	1.89885e+08	8.61954e+08
195	0.1950	108.876	-2009.995	-1901.119	-1.086e-01	5.712e-03	1505.05	2.47966e+08	1.98886e+08	8.90332e+08
196	0.1960	108.481	-2009.605	-1901.124	-1.135e-01	5.970e-03	1498.20	2.34371e+08	2.02541e+08	8.96525e+08
197	0.1970	107.904	-2009.018	-1901.115	-1.045e-01	5.496e-03	1487.80	2.20035e+08	2.01853e+08	8.75486e+08
198	0.1980	107.346	-2008.405	-1901.059	-4.879e-02	2.567e-03	1476.78	2.48390e+08	1.99137e+08	8.63281e+08
199	0.1990	106.996	-2008.157	-1901.161	-1.502e-01	7.902e-03	1468.01	2.80706e+08	1.96034e+08	8.48985e+08
200	0.2000	106.378	-2007.500	-1901.122	-1.117e-01	5.878e-03	1454.47	2.30345e+08	1.94371e+08	7.96863e+08
201	0.2010	105.425	-2006.519	-1901.094	-8.354e-02	4.395e-03	1435.95	2.34959e+08	2.03909e+08	7.93686e+08
202	0.2020	104.570	-2005.665	-1901.095	-8.460e-02	4.450e-03	1419.45	2.48901e+08	2.16997e+08	8.02646e+08
203	0.2030	103.839	-2004.938	-1901.099	-8.897e-02	4.680e-03	1405.26	2.67532e+08	2.26978e+08	8.10961e+08
204	0.2040	103.191	-2004.293	-1901.102	-9.181e-02	4.829e-03	1392.50	2.88296e+08	2.31670e+08	8.13145e+08
205	0.2050	102.595	-2003.698	-1901.102	-9.212e-02	4.846e-03	1380.51	3.09773e+08	2.33740e+08	8.11500e+08
206	0.2060	102.045	-2003.147	-1901.103	-9.237e-02	4.859e-03	1369.11	3.33159e+08	2.36711e+08	8.10753e+08
207	0.2070	101.527	-2002.636	-1901.108	-9.814e-02	5.162e-03	1358.26	3.66243e+08	2.43449e+08	8.18243e+08
208	0.2080	100.988	-2002.102	-1901.114	-1.040e-01	5.473e-03	1347.38	4.20541e+08	2.56874e+08	8.53882e+08
209	0.2090	100.397	-2001.501	-1901.104	-9.371e-02	4.929e-03	1336.30	4.88147e+08	2.78207e+08	9.08597e+08
210	0.2100	99.857	-2000.948	-1901.091	-8.065e-02	4.242e-03	1326.80	5.46060e+08	3.02093e+08	9.44047e+08
211	0.2110	99.468	-2000.571	-1901.103	-9.272e-02	4.877e-03	1320.37	5.80409e+08	3.15623e+08	9.29525e+08
212	0.2120	99.130	-2000.253	-1901.123	-1.131e-01	5.951e-03	1315.10	5.92960e+08	3.10031e+08	8.64848e+08
213	0.2130	98.673	-1999.791	-1901.118	-1.079e-01	5.673e-03	1308.12	6.01547e+08	2.98099e+08	8.03883e+08
214	0.2140	98.109	-1999.217	-1901.108	-9.783e-02	5.146e-03	1299.32	6.19537e+08	2.93615e+08	7.82971e+08
215	0.2150	97.530	-1998.637	-1901.107	-9.647e-02	5.075e-03	1290.02	6.41147e+08	2.94384e+08	7.80294e+08
216	0.2160	96.975	-1998.083	-1901.108	-9.738e-02	5.122e-03	1280.97	6.59519e+08	3.00287e+08	7.81790e+08
217	0.2170	96.436	-1997.547	-1901.110	-1.002e-01	5.269e-03	1272.49	6.70496e+08	3.18191e+08	7.86423e+08
218	0.2180	95.884	-1996.998	-1901.114	-1.034e-01	5.438e-03	1264.70	6.71341e+08	3.51869e+08	7.93185e+08
219	0.2190	95.288	-1996.403	-1901.115	-1.046e-01	5.504e-03	1257.68	6.63278e+08	3.97971e+08	8.01118e+08
220	0.2200	94.638	-1995.751	-1901.113	-1.029e-01	5.414e-03	1251.51	6.52122e+08	4.46554e+08	8.09711e+08
221	0.2210	93.956	-1995.066	-1901.110	-9.988e-02	5.254e-03	1246.36	6.45844e+08	4.87633e+08	8.19242e+08
222	0.2220	93.282	-1994.389	-1901.107	-9.650e-02	5.076e-03	1242.45	6.50140e+08	5.17236e+08	8.29890e+08
223	0.2230	92.666	-1993.769	-1901.103	-9.222e-02	4.851e-03	1240.18	6.63050e+08	5.38973e+08	8.40350e+08
224	0.2240	92.161	-1993.261	-1901.100	-8.985e-02	4.726e-03	1240.14	6.75992e+08	5.59343e+08	8.49714e+08
225	0.2250	91.800	-1992.900	-1901.100	-8.980e-02	4.724e-03	1242.79	6.85913e+08	5.81120e+08	8.59922e+08
226	0.2260	91.587	-1992.689	-1901.102	-9.138e-02	4.807e-03	1248.17	6.93385e+08	6.03763e+08	8.73674e+08
227	0.2270	91.509	-1992.612	-1901.104	-9.354e-02	4.920e-03	1255.90	6.98976e+08	6.26033e+08	8.93472e+08
228	0.2280	91.543	-1992.647	-1901.105	-9.433e-02	4.962e-03	1265.44	7.03413e+08	6.46562e+08	9.17305e+08
229	0.2290	91.676	-1992.782	-1901.106	-9.535e-02	5.016e-03	1276.26	7.04557e+08	6.62399e+08	9.39554e+08
230	0.2300	91.891	-1992.999	-1901.109	-9.847e-02	5.180e-03	1287.74	6.96577e+08	6.68712e+08	9.56447e+08
231	0.2310	92.146	-1993.259	-1901.113	-1.028e-01	5.407e-03	1298.90	6.75904e+08	6.61770e+08	9.66184e+08
232	0.2320	92.365	-1993.489	-1901.124	-1.139e-01	5.993e-03	1308.58	6.36514e+08	6.41689e+08	9.67410e+08
233	0.2330	92.433	-1993.564	-1901.131	-1.206e-01	6.344e-03	1315.86	5.72570e+08	6.12788e+08	9.59221e+08
234	0.2340	92.299	-1993.420	-1901.120	-1.101e-01	5.793e-03	1320.51	5.12918e+08	5.81723e+08	9.47084e+08
235	0.2350	92.073	-1993.175	-1901.101	-9.109e-02	4.792e-03	1323.15	4.94100e+08	5.55036e+08	9.39625e+08
236	0.2360	91.948	-1993.038	-1901.091	-8.035e-02	4.226e-03	1324.69	5.19039e+08	5.37047e+08	9.40363e+08
237	0.2370	92.030	-1993.124	-1901.094	-8.398e-02	4.418e-03	1325.61	5.59305e+08	5.29664e+08	9.45854e+08
238	0.2380	92.279	-1993.386	-1901.108	-9.722e-02	5.114e-03	1325.77	5.88272e+08	5.33938e+08	9.50748e+08
239	0.2390	92.547	-1993.668	-1901.121	-1.105e-01	5.814e-03	1324.48	5.98352e+08	5.44179e+08	9.51142e+08
240	0.2400	92.685	-1993.811	-1901.126	-1.161e-01	6.105e-03	1320.95	5.98473e+08	5.51299e+08	9.46039e+08
241	0.2410	92.613	-1993.738	-1901.125	-1.142e-01	6.007e-03	1314.84	5.96419e+08	5.48474e+08	9.37192e+08
242	0.2420	92.344	-1993.461	-1901.117	-1.070e-01	5.631e-03	1306.57	5.93442e+08	5.35972e+08	9.27992e+08
243	0.2430	91.947	-1993.057	-1901.110	-9.940e-02	5.229e-03	1297.07	5.91020e+08	5.20113e+08	9.21957e+08
244	0.2440	91.504	-1992.610	-1901.106	-9.534e-02	5.015e-03	1287.27	5.90210e+08	5.07873e+08	9.20278e+08
245	0.2450	91.065	-1992.170	-1901.104	-9.406e-02	4.948e-03	1277.76	5.89781e+08	5.01336e+08	9.22732e+08
246	0.2460	90.650	-1991.754	-1901.104	-9.354e-02	4.921e-03	1268.77	5.86791e+08	4.97548e+08	9.29224e+08
247	0.2470	90.270	-1991.372	-1901.102	-9.208e-02	4.844e-03	1260.47	5.80148e+08	4.95157e+08	9.40573e+08
248	0.2480	89.943	-1991.043	-1901.100	-8.992e-02	4.730e-03	1253.23	5.70910e+08	4.95200e+08	9.56417e+08
249	0.2490	89.694	-1990.793	-1901.099	-8.881e-02	4.672e-03	1247.50	5.60561e+08	4.97357e+08	9.72301e+08
250	0.2500	89.533	-1990.634	-1901.102	-9.126e-02	4.801e-03	1243.49	5.50803e+08	5.00056e+08	9.81109e+08
251	0.2510	89.431	-1990.539	-1901.108	-9.769e-02	5.139e-03	1240.67	5.47673e+08	5.02667e+08	9.77457e+08
252	0.2520	89.321	-1990.435	-1901.114	-1.038e-01	5.458e-03	1237.77	5.54510e+08	5.04882e+08	9.61610e+08
253	0.2530	89.141	-1990.256	-1901.115	-1.043e-01	5.488e-03	1233.66	5.65519e+08	5.05424e+08	9.40542e+08
254	0.2540	88.887	-1989.997	-1901.109	-9.906e-02	5.211e-03	1228.22	5.70309e+08	5.03229e+08	9.24048e+08
255	0.2550	88.613	-1989.716	-1901.103	-9.270e-02	4.876e-03	1222.51	5.62690e+08	4.98136e+08	9.17388e+08
256	0.2560	88.386	-1989.486	-1901.100	-8.964e-02	4.715e-03	1217.81	5.43256e+08	4.89980e+08	9.17414e+08
257	0.2570	88.246	-1989.345	-1901.099	-8.910e-02	4.687e-03	1214.85	5.17001e+08	4.79300e+08	9.18643e+08
258	0.2580	88.199	-1989.299	-1901.100	-8.988e-02	4.728e-03	1213.78	4.90440e+08	4.68805e+08	9.20592e+08
259	0.2590	88.237	-1989.338	-1901.102	-9.133e-02	4.804e-03	1214.40	4.68218e+08	4.60236e+08	9.23191e+08
260	0.2600	88.341	-1989.445	-1901.103	-9.293e-02	4.888e-03	1216.38	4.52040e+08	4.53836e+08	9.25996e+08
261	0.2610	88.490	-1989.596	-1901.106	-9.533e-02	5.015e-03	1219.27	4.39473e+08	4.47208e+08	9.27956e+08
262	0.2620	88.662	-1989.767	-1901.106	-9.532e-02	5.014e-03	1222.65	4.28542e+08	4.40120e+08	9.27393e+08
263	0.2630	88.853	-1989.956	-1901.104	-9.322e-02	4.904e-03	1226.45	4.22009e+08	4.37904e+08	9.23087e+08
264	0.2640	89.078	-1990.180	-1901.102	-9.209e-02	4.844e-03	1230.94	4.22071e+08	4.43700e+08	9.15122e+08
265	0.2650	89.342	-1990.446	-1901.104	-9.368e-02	4.928e-03	1236.19	4.26205e+08	4.54773e+08	9.05281e+08
266	0.2660	89.622	-1990.729	-1901.107	-9.689e-02	5.097e-03	1241.78	4.29978e+08	4.65754e+08	8.96022e+08
267	0.2670	89.881	-1990.991	-1901.110	-9.964e-02	5.241e-03	1246.98	4.31143e+08	4.74065e+08	8.89233e+08
268	0.2680	90.085	-1991.196	-1901.111	-1.006e-01	5.294e-03	1251.18	4.30531e+08	4.81414e+08	8.85583e+08
269	0.2690	90.221	-1991.331	-1901.110	-1.001e-01	5.268e-03	1254.13	4.29819e+08	4.89929e+08	8.84043e+08
270	0.2700	90.305	-1991.408	-1901.103	-9.301e-02	4.893e-03	1255.84	4.29386e+08	4.98109e+08	8.75526e+08
271	0.2710	90.418	-1991.510	-1901.092	-8.141e-02	4.282e-03	1256.42	4.30036e+08	5.02772e+08	8.41746e+08
272	0.2720	90.652	-1991.748	-1901.097	-8.620e-02	4.534e-03	1256.01	4.32235e+08	5.05122e+08	7.94477e+08
273	0.2730	90.945	-1992.064	-1901.119	-1.089e-01	5.729e-03	1254.85	4.35010e+08	5.08992e+08	7.80998e+08
274	0.2740	91.104	-1992.231	-1901.127	-1.162e-01	6.111e-03	1253.19	4.37659e+08	5.13195e+08	8.02930e+08
275	0.2750	91.053	-1992.166	-1901.113	-1.029e-01	5.415e-03	1251.12	4.40380e+08	5.13534e+08	8.10066e+08
276	0.2760	90.879	-1991.989	-1901.110	-9.932e-02	5.225e-03	1248.73	4.43698e+08	5.11009e+08	7.92228e+08
277	0.2770	90.652	-1991.761	-1901.109	-9.892e-02	5.204e-03	1246.10	4.47473e+08	5.08680e+08	7.72165e+08
278	0.2780	90.383	-1991.492	-1901.109	-9.839e-02	5.176e-03	1243.32	4.51089e+08	5.07364e+08	7.53550e+08
279	0.2790	90.082	-1991.190	-1901.108	-9.779e-02	5.144e-03	1240.46	4.53963e+08	5.07417e+08	7.37937e+08
280	0.2800	89.757	-1990.865	-1901.108	-9.718e-02	5.112e-03	1237.61	4.55616e+08	5.08925e+08	7.26393e+08
281	0.2810	89.420	-1990.526	-1901.106	-9.555e-02	5.026e-03	1234.83	4.55668e+08	5.11362e+08	7.19321e+08
282	0.2820	89.127	-1990.216	-1901.089	-7.872e-02	4.141e-03	1232.21	4.52773e+08	4.99863e+08	7.15134e+08
283	0.2830	89.040	-1990.117	-1901.077	-6.709e-02	3.529e-03	1229.79	4.46130e+08	4.58411e+08	7.12204e+08
284	0.2840	89.194	-1990.307	-1901.113	-1.029e-01	5.411e-03	1227.69	4.41344e+08	4.43937e+08	7.15947e+08
285	0.2850	89.313	-1990.447	-1901.133	-1.228e-01	6.460e-03	1226.07	4.41112e+08	4.91171e+08	7.28191e+08
286	0.2860	89.226	-1990.334	-1901.108	-9.755e-02	5.132e-03	1224.97	4.37954e+08	5.26134e+08	7.39715e+08
287	0.2870	89.061	-1990.167	-1901.106	-9.567e-02	5.033e-03	1224.44	4.31520e+08	5.35255e+08	7.48773e+08
288	0.2880	88.911	-1990.017	-1901.106	-9.580e-02	5.039e-03	1224.55	4.25166e+08	5.44371e+08	7.57325e+08
289	0.2890	88.777	-1989.884	-1901.107	-9.632e-02	5.067e-03	1225.31	4.19145e+08	5.54044e+08	7.64483e+08
290	0.2900	88.644	-1989.755	-1901.111	-1.005e-01	5.288e-03	1226.71	4.07827e+08	5.64156e+08	7.67986e+08
291	0.2910	88.468	-1989.584	-1901.116	-1.055e-01	5.548e-03	1228.64	3.83842e+08	5.74459e+08	7.65086e+08
292	0.2920	88.206	-1989.322	-1901.116	-1.059e-01	5.572e-03	1230.99	3.52893e+08	5.84862e+08	7.56563e+08
293	0.2930	87.859	-1988.970	-1901.111	-1.009e-01	5.307e-03	1233.80	3.29397e+08	5.95839e+08	7.46407e+08
294	0.2940	87.482	-1988.587	-1901.105	-9.469e-02	4.981e-03	1237.25	3.24333e+08	6.08349e+08	7.38310e+08
295	0.2950	87.145	-1988.246	-1901.101	-9.105e-02	4.789e-03	1241.53	3.36232e+08	6.23343e+08	7.32457e+08
296	0.2960	86.884	-1987.985	-1901.101	-9.059e-02	4.765e-03	1246.86	3.52463e+08	6.41157e+08	7.25075e+08
297	0.2970	86.706	-1987.809	-1901.103	-9.260e-02	4.871e-03	1253.50	3.60178e+08	6.61419e+08	7.12645e+08
298	0.2980	86.590	-1987.696	-1901.106	-9.574e-02	5.036e-03	1261.73	3.54380e+08	6.83488e+08	6.94895e+08
299	0.2990	86.505	-1987.614	-1901.109	-9.886e-02	5.200e-03	1271.76	3.40015e+08	7.06931e+08	6.75375e+08
300	0.3000	86.420	-1987.532	-1901.112	-1.018e-01	5.356e-03	1283.54	3.28120e+08	7.31718e+08	6.60177e+08
301	0.3010	86.309	-1987.425	-1901.116	-1.053e-01	5.541e-03	1296.72	3.27606e+08	7.57707e+08	6.54838e+08
302	0.3020	86.141	-1987.260	-1901.119	-1.089e-01	5.731e-03	1310.62	3.40534e+08	7.84242e+08	6.60300e+08
303	0.3030	85.885	-1987.006	-1901.121	-1.108e-01	5.828e-03	1324.43	3.62567e+08	8.10367e+08	6.72446e+08
304	0.3040	85.533	-1986.653	-1901.120	-1.098e-01	5.775e-03	1337.53	3.85923e+08	8.35042e+08	6.86155e+08
305	0.3050	85.103	-1986.220	-1901.117	-1.064e-01	5.594e-03	1349.80	4.05212e+08	8.57351e+08	6.98085e+08
306	0.3060	84.647	-1985.758	-1901.112	-1.014e-01	5.336e-03	1361.54	4.21151e+08	8.76499e+08	7.06609e+08
307	0.3070	84.230	-1985.336	-1901.106	-9.519e-02	5.007e-03	1373.34	4.38105e+08	8.91673e+08	7.10689e+08
308	0.3080	83.937	-1985.036	-1901.099	-8.860e-02	4.660e-03	1385.86	4.56719e+08	9.02098e+08	7.10575e+08
309	0.3090	83.848	-1984.944	-1901.096	-8.555e-02	4.500e-03	1399.67	4.75817e+08	9.07541e+08	7.14046e+08
310	0.3100	84.008	-1985.103	-1901.095	-8.458e-02	4.449e-03	1414.88	4.94163e+08	9.07981e+08	7.26143e+08
311	0.3110	84.430	-1985.526	-1901.096	-8.569e-02	4.508e-03	1431.28	5.10718e+08	9.03364e+08	7.44756e+08
312	0.3120	85.093	-1986.192	-1901.099	-8.867e-02	4.664e-03	1448.45	5.24840e+08	8.94012e+08	7.66979e+08
313	0.3130	85.950	-1987.053	-1901.103	-9.295e-02	4.890e-03	1465.81	5.36288e+08	8.80694e+08	7.89807e+08
314	0.3140	86.933	-1988.042	-1901.108	-9.788e-02	5.149e-03	1482.70	5.45077e+08	8.64516e+08	8.10477e+08
315	0.3150	87.968	-1989.081	-1901.113	-1.027e-01	5.401e-03	1498.45	5.51419e+08	8.46680e+08	8.26911e+08
316	0.3160	88.977	-1990.094	-1901.117	-1.069e-01	5.625e-03	1512.46	5.55673e+08	8.28242e+08	8.38129e+08
317	0.3170	89.893	-1991.014	-1901.121	-1.103e-01	5.800e-03	1524.26	5.58175e+08	8.10059e+08	8.44434e+08
318	0.3180	90.662	-1991.785	-1901.123	-1.125e-01	5.920e-03	1533.52	5.59334e+08	7.92698e+08	8.47221e+08
319	0.3190	91.245	-1992.369	-1901.124	-1.139e-01	5.992e-03	1540.05	5.59432e+08	7.76448e+08	8.48441e+08
320	0.3200	91.614	-1992.739	-1901.125	-1.147e-01	6.031e-03	1543.78	5.58350e+08	7.61349e+08	8.49233e+08
321	0.3210	91.750	-1992.877	-1901.127	-1.170e-01	6.153e-03	1544.74	5.55832e+08	7.46668e+08	8.47425e+08
322	0.3220	91.623	-1992.754	-1901.130	-1.200e-01	6.313e-03	1542.94	5.51578e+08	7.30915e+08	8.36331e+08
323	0.3230	91.205	-1992.336	-1901.131	-1.207e-01	6.349e-03	1538.44	5.45921e+08	7.14359e+08	8.16259e+08
324	0.3240	90.494	-1991.622	-1901.128	-1.177e-01	6.193e-03	1531.38	5.39694e+08	6.98803e+08	7.95516e+08
325	0.3250	89.532	-1990.655	-1901.123	-1.126e-01	5.921e-03	1521.98	5.33983e+08	6.86093e+08	7.83780e+08
326	0.3260	88.387	-1989.505	-1901.118	-1.075e-01	5.656e-03	1510.48	5.29740e+08	6.76820e+08	7.85288e+08
327	0.3270	87.128	-1988.242	-1901.114	-1.036e-01	5.450e-03	1497.16	5.27561e+08	6.70277e+08	7.97641e+08
328	0.3280	85.810	-1986.921	-1901.111	-1.008e-01	5.301e-03	1482.30	5.27763e+08	6.64667e+08	8.15284e+08
329	0.3290	84.477	-1985.586	-1901.109	-9.852e-02	5.183e-03	1466.17	5.30335e+08	6.57266e+08	8.32786e+08
330	0.3300	83.165	-1984.272	-1901.107	-9.641e-02	5.071e-03	1449.03	5.35227e+08	6.46052e+08	8.46488e+08
331	0.3310	81.910	-1983.014	-1901.105	-9.434e-02	4.963e-03	1431.18	5.42535e+08	6.30299e+08	8.54802e+08
332	0.3320	80.744	-1981.847	-1901.103	-9.242e-02	4.861e-03	1412.91	5.52454e+08	6.10540e+08	8.57622e+08
333	0.3330	79.700	-1980.801	-1901.101	-9.082e-02	4.778e-03	1394.56	5.65073e+08	5.88145e+08	8.55373e+08
334	0.3340	78.802	-1979.902	-1901.100	-8.974e-02	4.721e-03	1376.45	5.80227e+08	5.64787e+08	8.48432e+08
335	0.3350	78.069	-1979.169	-1901.100	-8.939e-02	4.702e-03	1358.92	5.97162e+08	5.42344e+08	8.37193e+08
336	0.3360	77.507	-1978.607	-1901.100	-8.974e-02	4.721e-03	1342.29	6.14040e+08	5.22421e+08	8.21966e+08
337	0.3370	77.112	-1978.213	-1901.101	-9.057e-02	4.765e-03	1326.88	6.28190e+08	5.05915e+08	8.03007e+08
338	0.3380	76.873	-1977.975	-1901.102	-9.172e-02	4.825e-03	1312.96	6.36941e+08	4.92903e+08	7.81048e+08
339	0.3390	76.774	-1977.878	-1901.104	-9.328e-02	4.907e-03	1300.72	6.38690e+08	4.81620e+08	7.57163e+08
340	0.3400	76.796	-1977.900	-1901.105	-9.444e-02	4.968e-03	1290.16	6.34798e+08	4.70332e+08	7.34602e+08
341	0.3410	76.922	-1978.028	-1901.106	-9.551e-02	5.024e-03	1281.18	6.30475e+08	4.59270e+08	7.20190e+08
342	0.3420	77.137	-1978.244	-1901.107	-9.711e-02	5.108e-03	1273.63	6.32160e+08	4.49562e+08	7.21060e+08
343	0.3430	77.417	-1978.526	-1901.109	-9.854e-02	5.184e-03	1267.31	6.41927e+08	4.41490e+08	7.37807e+08
344	0.3440	77.741	-1978.850	-1901.109	-9.882e-02	5.198e-03	1262.08	6.51713e+08	4.33219e+08	7.59578e+08
345	0.3450	78.096	-1979.207	-1901.110	-1.000e-01	5.262e-03	1258.03	6.43567e+08	4.21610e+08	7.70412e+08
346	0.3460	78.463	-1979.577	-1901.113	-1.031e-01	5.422e-03	1255.31	6.06173e+08	4.05710e+08	7.64652e+08
347	0.3470	78.818	-1979.929	-1901.111	-1.009e-01	5.307e-03	1253.95	5.63589e+08	3.88065e+08	7.53583e+08
348	0.3480	79.164	-1980.275	-1901.110	-9.995e-02	5.258e-03	1253.87	5.40840e+08	3.71317e+08	7.44608e+08
349	0.3490	79.512	-1980.623	-1901.112	-1.012e-01	5.323e-03	1254.95	5.26881e+08	3.56085e+08	7.37111e+08
350	0.3500	79.844	-1980.957	-1901.112	-1.019e-01	5.362e-03	1256.94	5.20143e+08	3.41886e+08	7.30740e+08
351	0.3510	80.150	-1981.263	-1901.112	-1.021e-01	5.369e-03	1259.62	5.19374e+08	3.27031e+08	7.24934e+08
352	0.3520	80.424	-1981.536	-1901.112	-1.017e-01	5.351e-03	1262.78	5.21838e+08	3.10085e+08	7.19498e+08
353	0.3530	80.665	-1981.777	-1901.112	-1.012e-01	5.324e-03	1266.28	5.24187e+08	2.90619e+08	7.14878e+08
354	0.3540	80.879	-1981.989	-1901.111	-1.006e-01	5.290e-03	1270.01	5.23588e+08	2.69755e+08	7.12213e+08
355	0.3550	81.070	-1982.180	-1901.110	-9.963e-02	5.241e-03	1273.93	5.19827e+08	2.50047e+08	7.12941e+08
356	0.3560	81.249	-1982.358	-1901.109	-9.854e-02	5.183e-03	1278.08	5.14024e+08	2.34395e+08	7.17868e+08
357	0.3570	81.427	-1982.534	-1901.108	-9.751e-02	5.129e-03	1282.57	5.07260e+08	2.25017e+08	7.26528e+08
358	0.3580	81.614	-1982.721	-1901.107	-9.675e-02	5.090e-03	1287.50	5.00279e+08	2.22975e+08	7.37310e+08
359	0.3590	81.776	-1982.901	-1901.125	-1.150e-01	6.051e-03	1292.80	4.86283e+08	2.26006e+08	7.40386e+08
360	0.3600	81.765	-1982.900	-1901.134	-1.238e-01	6.515e-03	1298.02	4.50066e+08	2.29110e+08	7.20134e+08
361	0.3610	81.547	-1982.652	-1901.105	-9.503e-02	4.999e-03	1303.04	4.16452e+08	2.39850e+08	7.07560e+08
362	0.3620	81.369	-1982.450	-1901.081	-7.104e-02	3.737e-03	1308.49	4.09963e+08	2.64433e+08	7.28626e+08
363	0.3630	81.455	-1982.542	-1901.087	-7.714e-02	4.058e-03	1314.80	4.16483e+08	2.95397e+08	7.61991e+08
364	0.3640	81.765	-1982.870	-1901.105	-9.506e-02	5.001e-03	1321.70	4.13093e+08	3.22513e+08	7.77179e+08
365	0.3650	82.140	-1983.249	-1901.109	-9.860e-02	5.187e-03	1328.69	4.00023e+08	3.44973e+08	7.75640e+08
366	0.3660	82.504	-1983.613	-1901.109	-9.881e-02	5.198e-03	1335.57	3.88396e+08	3.66608e+08	7.72521e+08
367	0.3670	82.847	-1983.956	-1901.109	-9.915e-02	5.215e-03	1342.30	3.81025e+08	3.87765e+08	7.68831e+08
368	0.3680	83.163	-1984.273	-1901.110	-9.959e-02	5.239e-03	1348.81	3.80391e+08	4.08698e+08	7.64432e+08
369	0.3690	83.445	-1984.555	-1901.110	-1.000e-01	5.262e-03	1354.98	3.88327e+08	4.29323e+08	7.58992e+08
370	0.3700	83.685	-1984.796	-1901.111	-1.005e-01	5.284e-03	1360.64	4.05283e+08	4.48912e+08	7.52258e+08
371	0.3710	83.877	-1984.988	-1901.111	-1.008e-01	5.304e-03	1365.59	4.29566e+08	4.66887e+08	7.44299e+08
372	0.3720	84.014	-1985.126	-1901.111	-1.011e-01	5.317e-03	1369.66	4.57446e+08	4.82968e+08	7.35863e+08
373	0.3730	84.093	-1985.205	-1901.111	-1.011e-01	5.318e-03	1372.71	4.84360e+08	4.97215e+08	7.28260e+08
374	0.3740	84.112	-1985.224	-1901.111	-1.009e-01	5.305e-03	1374.67	5.05994e+08	5.09871e+08	7.22387e+08
375	0.3750	84.074	-1985.185	-1901.111	-1.004e-01	5.281e-03	1375.60	5.19576e+08	5.21219e+08	7.18352e+08
376	0.3760	83.984	-1985.095	-1901.110	-9.986e-02	5.253e-03	1375.64	5.24695e+08	5.31465e+08	7.15412e+08
377	0.3770	83.849	-1984.959	-1901.110	-9.939e-02	5.228e-03	1374.94	5.23345e+08	5.40567e+08	7.12229e+08
378	0.3780	83.675	-1984.784	-1901.109	-9.908e-02	5.212e-03	1373.69	5.19189e+08	5.48310e+08	7.07401e+08
379	0.3790	83.466	-1984.575	-1901.109	-9.864e-02	5.189e-03	1372.03	5.14325e+08	5.54463e+08	7.00037e+08
380	0.3800	83.229	-1984.337	-1901.108	-9.815e-02	5.163e-03	1370.09	5.09385e+08	5.58939e+08	6.90219e+08
381	0.3810	82.970	-1984.078	-1901.108	-9.771e-02	5.140e-03	1368.02	5.05048e+08	5.61869e+08	6.78884e+08
382	0.3820	82.695	-1983.802	-1901.108	-9.739e-02	5.123e-03	1365.93	5.01867e+08	5.63526e+08	6.67499e+08
383	0.3830	82.408	-1983.516	-1901.108	-9.719e-02	5.112e-03	1363.89	5.00093e+08	5.64199e+08	6.57510e+08
384	0.3840	82.113	-1983.221	-1901.107	-9.713e-02	5.109e-03	1361.92	4.99481e+08	5.64117e+08	6.49844e+08
385	0.3850	81.812	-1982.919	-1901.108	-9.730e-02	5.118e-03	1360.03	4.99427e+08	5.63595e+08	6.45364e+08
386	0.3860	81.502	-1982.610	-1901.108	-9.766e-02	5.137e-03	1358.15	4.99190e+08	5.62608e+08	6.44593e+08
387	0.3870	81.181	-1982.290	-1901.108	-9.808e-02	5.159e-03	1356.19	4.97850e+08	5.60903e+08	6.47374e+08
388	0.3880	80.845	-1981.954	-1901.109	-9.842e-02	5.177e-03	1354.05	4.94476e+08	5.58215e+08	6.52853e+08
389	0.3890	80.490	-1981.599	-1901.109	-9.858e-02	5.185e-03	1351.66	4.88282e+08	5.54332e+08	6.59670e+08
390	0.3900	80.116	-1981.225	-1901.109	-9.853e-02	5.183e-03	1348.97	4.78834e+08	5.49217e+08	6.66391e+08
391	0.3910	79.725	-1980.833	-1901.109	-9.834e-02	5.173e-03	1345.98	4.66224e+08	5.43072e+08	6.71904e+08
392	0.3920	79.319	-1980.427	-1901.108	-9.812e-02	5.162e-03	1342.74	4.51146e+08	5.36352e+08	6.75757e+08
393	0.3930	78.902	-1980.010	-1901.108	-9.807e-02	5.159e-03	1339.28	4.34602e+08	5.29673e+08	6.78297e+08
394	0.3940	78.475	-1979.584	-1901.109	-9.836e-02	5.174e-03	1335.60	4.16064e+08	5.23374e+08	6.80078e+08
395	0.3950	78.037	-1979.146	-1901.109	-9.882e-02	5.198e-03	1331.61	3.94440e+08	5.17572e+08	6.81264e+08
396	0.3960	77.581	-1978.692	-1901.110	-1.001e-01	5.266e-03	1327.19	3.68597e+08	5.11584e+08	6.81673e+08
397	0.3970	77.094	-1978.206	-1901.113	-1.024e-01	5.386e-03	1322.01	3.35584e+08	5.02575e+08	6.79988e+08
398	0.3980	76.550	-1977.665	-1901.115	-1.046e-01	5.501e-03	1315.59	2.94567e+08	4.88928e+08	6.75321e+08
399	0.3990	75.927	-1977.043	-1901.116	-1.054e-01	5.547e-03	1307.49	2.47245e+08	4.71781e+08	6.67216e+08
400	0.4000	75.218	-1976.333	-1901.114	-1.041e-01	5.479e-03	1297.59	1.98751e+08	4.54665e+08	6.56955e+08
401	0.4010	74.441	-1975.552	-1901.111	-1.012e-01	5.322e-03	1286.25	1.55728e+08	4.41662e+08	6.47018e+08
402	0.4020	73.630	-1974.738	-1901.108	-9.768e-02	5.139e-03	1274.23	1.23309e+08	4.35431e+08	6.39796e+08
403	0.4030	72.827	-1973.932	-1901.105	-9.471e-02	4.982e-03	1262.41	1.03720e+08	4.36469e+08	6.36759e+08
404	0.4040	72.066	-1973.169	-1901.103	-9.266e-02	4.874e-03	1251.54	9.65795e+07	4.43594e+08	6.38237e+08
405	0.4050	71.371	-1972.473	-1901.102	-9.151e-02	4.814e-03	1242.10	9.98949e+07	4.54775e+08	6.43539e+08
406	0.4060	70.754	-1971.855	-1901.101	-9.111e-02	4.793e-03	1234.33	1.11020e+08	4.67785e+08	6.51295e+08
407	0.4070	70.220	-1971.321	-1901.102	-9.130e-02	4.803e-03	1228.23	1.27317e+08	4.80866e+08	6.60010e+08
408	0.4080	69.766	-1970.868	-1901.102	-9.186e-02	4.832e-03	1223.62	1.46531e+08	4.92983e+08	6.68446e+08
409	0.4090	69.385	-1970.488	-1901.103	-9.259e-02	4.871e-03	1220.27	1.67084e+08	5.03878e+08	6.75832e+08
410	0.4100	69.067	-1970.171	-1901.104	-9.373e-02	4.931e-03	1217.90	1.87453e+08	5.13243e+08	6.81788e+08
411	0.4110	68.798	-1969.903	-1901.105	-9.481e-02	4.987e-03	1216.28	2.06306e+08	5.20736e+08	6.86234e+08
412	0.4120	68.563	-1969.669	-1901.106	-9.570e-02	5.034e-03	1215.25	2.22699e+08	5.26555e+08	6.89221e+08
413	0.4130	68.352	-1969.458	-1901.107	-9.620e-02	5.060e-03	1214.66	2.36234e+08	5.31201e+08	6.90673e+08
414	0.4140	68.158	-1969.265	-1901.107	-9.627e-02	5.064e-03	1214.39	2.47433e+08	5.35590e+08	6.90655e+08
415	0.4150	67.981	-1969.088	-1901.106	-9.610e-02	5.055e-03	1214.32	2.57095e+08	5.40561e+08	6.89310e+08
416	0.4160	67.822	-1968.928	-1901.106	-9.587e-02	5.043e-03	1214.40	2.65762e+08	5.46438e+08	6.86764e+08
417	0.4170	67.683	-1968.789	-1901.106	-9.570e-02	5.034e-03	1214.55	2.73514e+08	5.52964e+08	6.83091e+08
418	0.4180	67.565	-1968.671	-1901.106	-9.564e-02	5.031e-03	1214.75	2.79887e+08	5.59514e+08	6.78235e+08
419	0.4190	67.469	-1968.575	-1901.106	-9.563e-02	5.031e-03	1214.96	2.84224e+08	5.65340e+08	6.72081e+08
420	0.4200	67.394	-1968.500	-1901.106	-9.564e-02	5.031e-03	1215.17	2.86223e+08	5.69848e+08	6.64586e+08
421	0.4210	67.339	-1968.445	-1901.106	-9.568e-02	5.033e-03	1215.37	2.86067e+08	5.72709e+08	6.55842e+08
422	0.4220	67.304	-1968.410	-1901.106	-9.581e-02	5.040e-03	1215.56	2.84623e+08	5.73936e+08	6.46088e+08
423	0.4230	67.286	-1968.393	-1901.106	-9.613e-02	5.057e-03	1215.69	2.83329e+08	5.73887e+08	6.35689e+08
424	0.4240	67.282	-1968.389	-1901.107	-9.668e-02	5.086e-03	1215.72	2.83756e+08	5.73155e+08	6.25078e+08
425	0.4250	67.284	-1968.391	-1901.108	-9.741e-02	5.124e-03	1215.56	2.87169e+08	5.72098e+08	6.14629e+08
426	0.4260	67.281	-1968.390	-1901.108	-9.812e-02	5.162e-03	1215.11	2.93924e+08	5.70706e+08	6.04653e+08
427	0.4270	67.266	-1968.375	-1901.109	-9.855e-02	5.184e-03	1214.28	3.02993e+08	5.68952e+08	5.95367e+08
428	0.4280	67.231	-1968.340	-1901.109	-9.846e-02	5.179e-03	1213.06	3.12048e+08	5.66808e+08	5.86885e+08
429	0.4290	67.177	-1968.285	-1901.108	-9.781e-02	5.145e-03	1211.47	3.18283e+08	5.64283e+08	5.79224e+08
430	0.4300	67.107	-1968.216	-1901.109	-9.830e-02	5.171e-03	1209.57	3.20447e+08	5.62734e+08	5.73484e+08
431	0.4310	67.016	-1968.127	-1901.110	-9.992e-02	5.256e-03	1207.19	3.20530e+08	5.66012e+08	5.72930e+08
432	0.4320	66.890	-1968.001	-1901.111	-1.005e-01	5.287e-03	1204.02	3.20619e+08	5.74084e+08	5.77410e+08
433	0.4330	66.726	-1967.835	-1901.109	-9.854e-02	5.184e-03	1200.02	3.20124e+08	5.82236e+08	5.82584e+08
434	0.4340	66.546	-1967.652	-1901.106	-9.542e-02	5.019e-03	1195.60	3.16701e+08	5.85729e+08	5.84008e+08
435	0.4350	66.384	-1967.488	-1901.103	-9.310e-02	4.897e-03	1191.43	3.10062e+08	5.83734e+08	5.80669e+08
436	0.4360	66.267	-1967.370	-1901.103	-9.234e-02	4.857e-03	1188.04	3.01569e+08	5.78698e+08	5.74460e+08
437	0.4370	66.203	-1967.306	-1901.103	-9.288e-02	4.886e-03	1185.64	2.92874e+08	5.73787e+08	5.68050e+08
438	0.4380	66.186	-1967.291	-1901.104	-9.413e-02	4.952e-03	1184.17	2.85144e+08	5.71321e+08	5.63525e+08
439	0.4390	66.203	-1967.309	-1901.106	-9.551e-02	5.024e-03	1183.40	2.78890e+08	5.72317e+08	5.61959e+08
440	0.4400	66.238	-1967.345	-1901.107	-9.655e-02	5.079e-03	1183.08	2.73992e+08	5.76456e+08	5.63332e+08
441	0.4410	66.279	-1967.387	-1901.107	-9.692e-02	5.098e-03	1183.03	2.69938e+08	5.82308e+08	5.66659e+08
442	0.4420	66.322	-1967.429	-1901.107	-9.695e-02	5.100e-03	1183.19	2.66255e+08	5.88215e+08	5.70688e+08
443	0.4430	66.365	-1967.472	-1901.107	-9.691e-02	5.098e-03	1183.56	2.63043e+08	5.93591e+08	5.75050e+08
444	0.4440	66.409	-1967.517	-1901.107	-9.685e-02	5.094e-03	1184.17	2.60659e+08	5.98196e+08	5.79558e+08
445	0.4450	66.457	-1967.564	-1901.107	-9.679e-02	5.091e-03	1185.03	2.59680e+08	6.02024e+08	5.84043e+08
446	0.4460	66.508	-1967.616	-1901.107	-9.680e-02	5.092e-03	1186.17	2.60859e+08	6.05306e+08	5.88373e+08
447	0.4470	66.564	-1967.672	-1901.107	-9.691e-02	5.098e-03	1187.58	2.64987e+08	6.08419e+08	5.92461e+08
448	0.4480	66.624	-1967.731	-1901.107	-9.714e-02	5.110e-03	1189.22	2.72704e+08	6.11780e+08	5.96260e+08
449	0.4490	66.683	-1967.791	-1901.108	-9.748e-02	5.128e-03	1191.03	2.84205e+08	6.15717e+08	5.99767e+08
450	0.4500	66.740	-1967.848	-1901.108	-9.784e-02	5.147e-03	1192.95	2.99028e+08	6.20339e+08	6.02999e+08
451	0.4510	66.788	-1967.896	-1901.108	-9.811e-02	5.161e-03	1194.87	3.15908e+08	6.25458e+08	6.05953e+08
452	0.4520	66.824	-1967.933	-1901.109	-9.820e-02	5.166e-03	1196.74	3.33016e+08	6.30650e+08	6.08636e+08
453	0.4530	66.848	-1967.956	-1901.108	-9.810e-02	5.160e-03	1198.50	3.48428e+08	6.35435e+08	6.11090e+08
454	0.4540	66.860	-1967.968	-1901.108	-9.784e-02	5.147e-03	1200.17	3.60625e+08	6.39397e+08	6.13376e+08
455	0.4550	66.863	-1967.970	-1901.108	-9.753e-02	5.130e-03	1201.78	3.68905e+08	6.42320e+08	6.15592e+08
456	0.4560	66.860	-1967.968	-1901.108	-9.729e-02	5.118e-03	1203.36	3.73535e+08	6.44181e+08	6.17860e+08
457	0.4570	66.856	-1967.963	-1901.108	-9.721e-02	5.114e-03	1204.95	3.75649e+08	6.45130e+08	6.20287e+08
458	0.4580	66.850	-1967.957	-1901.108	-9.729e-02	5.118e-03	1206.51	3.76851e+08	6.45457e+08	6.22834e+08
459	0.4590	66.842	-1967.950	-1901.108	-9.732e-02	5.119e-03	1208.01	3.77691e+08	6.45225e+08	6.25186e+08
460	0.4600	66.834	-1967.941	-1901.108	-9.727e-02	5.117e-03	1209.41	3.77969e+08	6.44338e+08	6.26926e+08
461	0.4610	66.824	-1967.932	-1901.108	-9.719e-02	5.112e-03	1210.66	3.77448e+08	6.42701e+08	6.27644e+08
462	0.4620	66.815	-1967.922	-1901.107	-9.709e-02	5.107e-03	1211.76	3.75943e+08	6.40232e+08	6.27007e+08
463	0.4630	66.807	-1967.915	-1901.107	-9.701e-02	5.103e-03	1212.68	3.73408e+08	6.36884e+08	6.24815e+08
464	0.4640	66.802	-1967.910	-1901.107	-9.698e-02	5.102e-03	1213.42	3.69943e+08	6.32662e+08	6.21031e+08
465	0.4650	66.800	-1967.907	-1901.107	-9.701e-02	5.103e-03	1213.96	3.65753e+08	6.27612e+08	6.15772e+08
466	0.4660	66.800	-1967.907	-1901.107	-9.711e-02	5.108e-03	1214.26	3.61087e+08	6.21833e+08	6.09189e+08
467	0.4670	66.801	-1967.909	-1901.108	-9.722e-02	5.114e-03	1214.31	3.56106e+08	6.15453e+08	6.01349e+08
468	0.4680	66.802	-1967.910	-1901.108	-9.728e-02	5.117e-03	1214.06	3.50742e+08	6.08556e+08	5.92010e+08
469	0.4690	66.803	-1967.910	-1901.108	-9.727e-02	5.117e-03	1213.52	3.44939e+08	6.01199e+08	5.80804e+08
470	0.4700	66.802	-1967.910	-1901.108	-9.721e-02	5.114e-03	1212.69	3.38686e+08	5.93437e+08	5.67517e+08
471	0.4710	66.801	-1967.908	-1901.107	-9.712e-02	5.109e-03	1211.60	3.31994e+08	5.85319e+08	5.51996e+08
472	0.4720	66.800	-1967.908	-1901.107	-9.701e-02	5.103e-03	1210.29	3.24917e+08	5.76936e+08	5.34240e+08
473	0.4730	66.802	-1967.909	-1901.107	-9.690e-02	5.097e-03	1208.83	3.17549e+08	5.68355e+08	5.14472e+08
474	0.4740	66.807	-1967.914	-1901.107	-9.680e-02	5.092e-03	1207.26	3.10040e+08	5.59631e+08	4.93134e+08
475	0.4750	66.816	-1967.923	-1901.107	-9.674e-02	5.089e-03	1205.64	3.02612e+08	5.50845e+08	4.70860e+08
476	0.4760	66.831	-1967.938	-1901.107	-9.673e-02	5.088e-03	1204.02	2.95558e+08	5.42113e+08	4.48439e+08
477	0.4770	66.852	-1967.959	-1901.107	-9.681e-02	5.093e-03	1202.46	2.89203e+08	5.33546e+08	4.26707e+08
478	0.4780	66.878	-1967.985	-1901.107	-9.671e-02	5.087e-03	1200.96	2.83670e+08	5.24853e+08	4.05671e+08
479	0.4790	66.912	-1968.019	-1901.107	-9.632e-02	5.067e-03	1199.52	2.78675e+08	5.15268e+08	3.83944e+08
480	0.4800	66.958	-1968.064	-1901.106	-9.571e-02	5.034e-03	1198.12	2.73929e+08	5.04164e+08	3.60221e+08
481	0.4810	67.023	-1968.129	-1901.105	-9.504e-02	4.999e-03	1196.70	2.69381e+08	4.91338e+08	3.34000e+08
482	0.4820	67.117	-1968.222	-1901.105	-9.457e-02	4.975e-03	1195.20	2.65214e+08	4.77037e+08	3.06052e+08
483	0.4830	67.244	-1968.349	-1901.105	-9.471e-02	4.982e-03	1193.54	2.61802e+08	4.62392e+08	2.78899e+08
484	0.4840	67.404	-1968.510	-1901.106	-9.615e-02	5.058e-03	1191.66	2.59619e+08	4.49487e+08	2.57015e+08
485	0.4850	67.581	-1968.690	-1901.110	-9.930e-02	5.224e-03	1189.49	2.59094e+08	4.40771e+08	2.45945e+08
486	0.4860	67.739	-1968.853	-1901.114	-1.033e-01	5.434e-03	1186.95	2.60330e+08	4.38440e+08	2.49360e+08
487	0.4870	67.835	-1968.951	-1901.116	-1.058e-01	5.565e-03	1183.97	2.62849e+08	4.42976e+08	2.65045e+08
488	0.4880	67.840	-1968.955	-1901.115	-1.048e-01	5.515e-03	1180.58	2.65624e+08	4.52023e+08	2.84124e+08
489	0.4890	67.763	-1968.874	-1901.112	-1.014e-01	5.335e-03	1176.93	2.67725e+08	4.61272e+08	2.96716e+08
490	0.4900	67.636	-1968.745	-1901.109	-9.876e-02	5.195e-03	1173.19	2.68908e+08	4.67034e+08	2.99709e+08
491	0.4910	67.488	-1968.597	-1901.109	-9.889e-02	5.202e-03	1169.43	2.69595e+08	4.68368e+08	2.98667e+08
492	0.4920	67.323	-1968.433	-1901.110	-9.933e-02	5.225e-03	1165.61	2.69967e+08	4.65718e+08	2.97145e+08
493	0.4930	67.140	-1968.250	-1901.110	-9.941e-02	5.230e-03	1161.64	2.69870e+08	4.60674e+08	2.94732e+08
494	0.4940	66.937	-1968.047	-1901.109	-9.894e-02	5.205e-03	1157.53	2.69243e+08	4.55898e+08	2.91956e+08
495	0.4950	66.722	-1967.831	-1901.109	-9.822e-02	5.167e-03	1153.37	2.67939e+08	4.52850e+08	2.89566e+08
496	0.4960	66.493	-1967.605	-1901.112	-1.016e-01	5.344e-03	1149.26	2.63696e+08	4.50864e+08	2.83394e+08
497	0.4970	66.217	-1967.334	-1901.117	-1.065e-01	5.600e-03	1145.03	2.52727e+08	4.47590e+08	2.64779e+08
498	0.4980	65.850	-1966.967	-1901.117	-1.064e-01	5.596e-03	1140.36	2.37037e+08	4.42114e+08	2.37607e+08
499	0.4990	65.401	-1966.512	-1901.110	-9.988e-02	5.254e-03	1135.30	2.23914e+08	4.34587e+08	2.17728e+08
500	0.5000	64.940	-1966.042	-1901.102	-9.192e-02	4.835e-03	1130.39	2.19547e+08	4.25608e+08	2.18769e+08
# Thank you for using md series 2.
